Removed Pin From Net: NetName=NetC65_1 Pin=J9-1
Removed Pin From Net: NetName=NetC66_1 Pin=J9-2
Removed Pin From Net: NetName=NetC106_1 Pin=J9-3
Removed Pin From Net: NetName=NetC107_1 Pin=J9-4
Removed Pin From Net: NetName=NetC75_1 Pin=J10-1
Removed Pin From Net: NetName=NetC112_1 Pin=J10-2
Removed Pin From Net: NetName=NetC114_1 Pin=J10-3
Removed Pin From Net: NetName=NetC115_1 Pin=J10-4
Removed Pin From Net: NetName=NetC75_1 Pin=J11-1
Removed Pin From Net: NetName=NetC112_1 Pin=J11-2
Removed Pin From Net: NetName=NetC114_1 Pin=J11-3
Removed Pin From Net: NetName=NetC115_1 Pin=J11-4
Removed Pin From Net: NetName=NetC78_1 Pin=J12-1
Removed Pin From Net: NetName=NetC80_1 Pin=J12-2
Removed Pin From Net: NetName=NetC117_1 Pin=J12-3
Removed Pin From Net: NetName=NetC118_1 Pin=J12-4
Removed Pin From Net: NetName=NetC113_2 Pin=R10-1
Removed Pin From Net: NetName=NetC82_2 Pin=R15-1
Removed Pin From Net: NetName=NetC108_2 Pin=R22-1
Removed Pin From Net: NetName=NetC116_2 Pin=R25-1
Change Component Comment : Designator=R7 Old Comment=0.1r New Comment=0.22R
Change Component Comment : Designator=R10 Old Comment=0.1r New Comment=0.22R
Change Component Comment : Designator=R15 Old Comment=0.1r New Comment=0.22R
Change Component Comment : Designator=R22 Old Comment=0.1r New Comment=0.22R
Change Component Comment : Designator=R25 Old Comment=0.1r New Comment=0.22R
Change Component Comment : Designator=R26 Old Comment=0.1r New Comment=0.22R
Change component parameters: Designator = "R7"; Footprint = "R1206"; UniqueID = "\XGSGIVIB"
Change component parameters. Clean all parameters for all variants
Change component parameters (AddParameter): Name = "DISTRIBUTOR"; Value = "Digi-Key"; VariantName = "[No Variations]"
Change component parameters (AddParameter): Name = "DISTRIBUTOR #"; Value = "P17624TR-ND"; VariantName = "[No Variations]"
Change component parameters (AddParameter): Name = "DNI"; Value = ""; VariantName = "[No Variations]"
Change component parameters (AddParameter): Name = "EE_SPEC"; Value = "0.22R 1% 1206"; VariantName = "[No Variations]"
Change component parameters (AddParameter): Name = "Manufacturer"; Value = "Panasonic"; VariantName = "[No Variations]"
Change component parameters (AddParameter): Name = "Manufacturer2"; Value = ""; VariantName = "[No Variations]"
Change component parameters (AddParameter): Name = "MANUFACTURER #"; Value = "ERJ-8BQFR22V"; VariantName = "[No Variations]"
Change component parameters (AddParameter): Name = "ManufacturerPartNumber2"; Value = ""; VariantName = "[No Variations]"
Change component parameters (AddParameter): Name = "PART"; Value = "0.22R"; VariantName = "[No Variations]"
Change component parameters (AddParameter): Name = "Part Description"; Value = "0.22 Ohm ±1% 0.5W, 1/2W Chip Resistor 1206 (3216 Metric) Automotive AEC-Q200, Current Sense Thick Film"; VariantName = "[No Variations]"
Change component parameters (AddParameter): Name = "Tolerance"; Value = "+/- 1%"; VariantName = "[No Variations]"
Change component parameters (AddParameter): Name = "VALUE"; Value = "0.22R"; VariantName = "[No Variations]"
Change component parameters: Designator = "R10"; Footprint = "R1206"; UniqueID = "\MYWPMNVA"
Change component parameters. Clean all parameters for all variants
Change component parameters (AddParameter): Name = "DISTRIBUTOR"; Value = "Digi-Key"; VariantName = "[No Variations]"
Change component parameters (AddParameter): Name = "DISTRIBUTOR #"; Value = "P17624TR-ND"; VariantName = "[No Variations]"
Change component parameters (AddParameter): Name = "DNI"; Value = ""; VariantName = "[No Variations]"
Change component parameters (AddParameter): Name = "EE_SPEC"; Value = "0.22R 1% 1206"; VariantName = "[No Variations]"
Change component parameters (AddParameter): Name = "Manufacturer"; Value = "Panasonic"; VariantName = "[No Variations]"
Change component parameters (AddParameter): Name = "Manufacturer2"; Value = ""; VariantName = "[No Variations]"
Change component parameters (AddParameter): Name = "MANUFACTURER #"; Value = "ERJ-8BQFR22V"; VariantName = "[No Variations]"
Change component parameters (AddParameter): Name = "ManufacturerPartNumber2"; Value = ""; VariantName = "[No Variations]"
Change component parameters (AddParameter): Name = "PART"; Value = "0.22R"; VariantName = "[No Variations]"
Change component parameters (AddParameter): Name = "Part Description"; Value = "0.22 Ohm ±1% 0.5W, 1/2W Chip Resistor 1206 (3216 Metric) Automotive AEC-Q200, Current Sense Thick Film"; VariantName = "[No Variations]"
Change component parameters (AddParameter): Name = "Tolerance"; Value = "+/- 1%"; VariantName = "[No Variations]"
Change component parameters (AddParameter): Name = "VALUE"; Value = "0.22R"; VariantName = "[No Variations]"
Change component parameters: Designator = "R15"; Footprint = "R1206"; UniqueID = "\XUONBTFN"
Change component parameters. Clean all parameters for all variants
Change component parameters (AddParameter): Name = "DISTRIBUTOR"; Value = "Digi-Key"; VariantName = "[No Variations]"
Change component parameters (AddParameter): Name = "DISTRIBUTOR #"; Value = "P17624TR-ND"; VariantName = "[No Variations]"
Change component parameters (AddParameter): Name = "DNI"; Value = ""; VariantName = "[No Variations]"
Change component parameters (AddParameter): Name = "EE_SPEC"; Value = "0.22R 1% 1206"; VariantName = "[No Variations]"
Change component parameters (AddParameter): Name = "Manufacturer"; Value = "Panasonic"; VariantName = "[No Variations]"
Change component parameters (AddParameter): Name = "Manufacturer2"; Value = ""; VariantName = "[No Variations]"
Change component parameters (AddParameter): Name = "MANUFACTURER #"; Value = "ERJ-8BQFR22V"; VariantName = "[No Variations]"
Change component parameters (AddParameter): Name = "ManufacturerPartNumber2"; Value = ""; VariantName = "[No Variations]"
Change component parameters (AddParameter): Name = "PART"; Value = "0.22R"; VariantName = "[No Variations]"
Change component parameters (AddParameter): Name = "Part Description"; Value = "0.22 Ohm ±1% 0.5W, 1/2W Chip Resistor 1206 (3216 Metric) Automotive AEC-Q200, Current Sense Thick Film"; VariantName = "[No Variations]"
Change component parameters (AddParameter): Name = "Tolerance"; Value = "+/- 1%"; VariantName = "[No Variations]"
Change component parameters (AddParameter): Name = "VALUE"; Value = "0.22R"; VariantName = "[No Variations]"
Change component parameters: Designator = "R22"; Footprint = "R1206"; UniqueID = "\AEJRMEQS"
Change component parameters. Clean all parameters for all variants
Change component parameters (AddParameter): Name = "DISTRIBUTOR"; Value = "Digi-Key"; VariantName = "[No Variations]"
Change component parameters (AddParameter): Name = "DISTRIBUTOR #"; Value = "P17624TR-ND"; VariantName = "[No Variations]"
Change component parameters (AddParameter): Name = "DNI"; Value = ""; VariantName = "[No Variations]"
Change component parameters (AddParameter): Name = "EE_SPEC"; Value = "0.22R 1% 1206"; VariantName = "[No Variations]"
Change component parameters (AddParameter): Name = "Manufacturer"; Value = "Panasonic"; VariantName = "[No Variations]"
Change component parameters (AddParameter): Name = "Manufacturer2"; Value = ""; VariantName = "[No Variations]"
Change component parameters (AddParameter): Name = "MANUFACTURER #"; Value = "ERJ-8BQFR22V"; VariantName = "[No Variations]"
Change component parameters (AddParameter): Name = "ManufacturerPartNumber2"; Value = ""; VariantName = "[No Variations]"
Change component parameters (AddParameter): Name = "PART"; Value = "0.22R"; VariantName = "[No Variations]"
Change component parameters (AddParameter): Name = "Part Description"; Value = "0.22 Ohm ±1% 0.5W, 1/2W Chip Resistor 1206 (3216 Metric) Automotive AEC-Q200, Current Sense Thick Film"; VariantName = "[No Variations]"
Change component parameters (AddParameter): Name = "Tolerance"; Value = "+/- 1%"; VariantName = "[No Variations]"
Change component parameters (AddParameter): Name = "VALUE"; Value = "0.22R"; VariantName = "[No Variations]"
Change component parameters: Designator = "R25"; Footprint = "R1206"; UniqueID = "\UCXAIDUP"
Change component parameters. Clean all parameters for all variants
Change component parameters (AddParameter): Name = "DISTRIBUTOR"; Value = "Digi-Key"; VariantName = "[No Variations]"
Change component parameters (AddParameter): Name = "DISTRIBUTOR #"; Value = "P17624TR-ND"; VariantName = "[No Variations]"
Change component parameters (AddParameter): Name = "DNI"; Value = ""; VariantName = "[No Variations]"
Change component parameters (AddParameter): Name = "EE_SPEC"; Value = "0.22R 1% 1206"; VariantName = "[No Variations]"
Change component parameters (AddParameter): Name = "Manufacturer"; Value = "Panasonic"; VariantName = "[No Variations]"
Change component parameters (AddParameter): Name = "Manufacturer2"; Value = ""; VariantName = "[No Variations]"
Change component parameters (AddParameter): Name = "MANUFACTURER #"; Value = "ERJ-8BQFR22V"; VariantName = "[No Variations]"
Change component parameters (AddParameter): Name = "ManufacturerPartNumber2"; Value = ""; VariantName = "[No Variations]"
Change component parameters (AddParameter): Name = "PART"; Value = "0.22R"; VariantName = "[No Variations]"
Change component parameters (AddParameter): Name = "Part Description"; Value = "0.22 Ohm ±1% 0.5W, 1/2W Chip Resistor 1206 (3216 Metric) Automotive AEC-Q200, Current Sense Thick Film"; VariantName = "[No Variations]"
Change component parameters (AddParameter): Name = "Tolerance"; Value = "+/- 1%"; VariantName = "[No Variations]"
Change component parameters (AddParameter): Name = "VALUE"; Value = "0.22R"; VariantName = "[No Variations]"
Change component parameters: Designator = "R26"; Footprint = "R1206"; UniqueID = "\UWNPTVRX"
Change component parameters. Clean all parameters for all variants
Change component parameters (AddParameter): Name = "DISTRIBUTOR"; Value = "Digi-Key"; VariantName = "[No Variations]"
Change component parameters (AddParameter): Name = "DISTRIBUTOR #"; Value = "P17624TR-ND"; VariantName = "[No Variations]"
Change component parameters (AddParameter): Name = "DNI"; Value = ""; VariantName = "[No Variations]"
Change component parameters (AddParameter): Name = "EE_SPEC"; Value = "0.22R 1% 1206"; VariantName = "[No Variations]"
Change component parameters (AddParameter): Name = "Manufacturer"; Value = "Panasonic"; VariantName = "[No Variations]"
Change component parameters (AddParameter): Name = "Manufacturer2"; Value = ""; VariantName = "[No Variations]"
Change component parameters (AddParameter): Name = "MANUFACTURER #"; Value = "ERJ-8BQFR22V"; VariantName = "[No Variations]"
Change component parameters (AddParameter): Name = "ManufacturerPartNumber2"; Value = ""; VariantName = "[No Variations]"
Change component parameters (AddParameter): Name = "PART"; Value = "0.22R"; VariantName = "[No Variations]"
Change component parameters (AddParameter): Name = "Part Description"; Value = "0.22 Ohm ±1% 0.5W, 1/2W Chip Resistor 1206 (3216 Metric) Automotive AEC-Q200, Current Sense Thick Film"; VariantName = "[No Variations]"
Change component parameters (AddParameter): Name = "Tolerance"; Value = "+/- 1%"; VariantName = "[No Variations]"
Change component parameters (AddParameter): Name = "VALUE"; Value = "0.22R"; VariantName = "[No Variations]"
Added Component: Designator=FB9(FB0603)
Add component. Clean all parameters for all variants
Add component (AddParameter): Name = "DISTRIBUTOR"; Value = "Digikey"; VariantName = "[No Variations]"
Add component (AddParameter): Name = "DISTRIBUTOR #"; Value = "1276-6351-2-ND"; VariantName = "[No Variations]"
Add component (AddParameter): Name = "DNI"; Value = ""; VariantName = "[No Variations]"
Add component (AddParameter): Name = "EE_SPEC"; Value = "3A"; VariantName = "[No Variations]"
Add component (AddParameter): Name = "MANUFACTURER"; Value = "Samsung"; VariantName = "[No Variations]"
Add component (AddParameter): Name = "MANUFACTURER #"; Value = "CIS10P121AC"; VariantName = "[No Variations]"
Add component (AddParameter): Name = "PART"; Value = "FERRITE 120R 3A 0603"; VariantName = "[No Variations]"
Add component (AddParameter): Name = "PART DESCRIPTION"; Value = "FERRITE BEAD 120 OHM 0603 1LN"; VariantName = "[No Variations]"
Add component (AddParameter): Name = "TOLERANCE"; Value = "-NA-"; VariantName = "[No Variations]"
Add component (AddParameter): Name = "VALUE"; Value = "120Rfb"; VariantName = "[No Variations]"
Added Component: Designator=FB10(FB0603)
Add component. Clean all parameters for all variants
Add component (AddParameter): Name = "DISTRIBUTOR"; Value = "Digikey"; VariantName = "[No Variations]"
Add component (AddParameter): Name = "DISTRIBUTOR #"; Value = "1276-6351-2-ND"; VariantName = "[No Variations]"
Add component (AddParameter): Name = "DNI"; Value = ""; VariantName = "[No Variations]"
Add component (AddParameter): Name = "EE_SPEC"; Value = "3A"; VariantName = "[No Variations]"
Add component (AddParameter): Name = "MANUFACTURER"; Value = "Samsung"; VariantName = "[No Variations]"
Add component (AddParameter): Name = "MANUFACTURER #"; Value = "CIS10P121AC"; VariantName = "[No Variations]"
Add component (AddParameter): Name = "PART"; Value = "FERRITE 120R 3A 0603"; VariantName = "[No Variations]"
Add component (AddParameter): Name = "PART DESCRIPTION"; Value = "FERRITE BEAD 120 OHM 0603 1LN"; VariantName = "[No Variations]"
Add component (AddParameter): Name = "TOLERANCE"; Value = "-NA-"; VariantName = "[No Variations]"
Add component (AddParameter): Name = "VALUE"; Value = "120Rfb"; VariantName = "[No Variations]"
Added Component: Designator=FB11(FB0603)
Add component. Clean all parameters for all variants
Add component (AddParameter): Name = "DISTRIBUTOR"; Value = "Digikey"; VariantName = "[No Variations]"
Add component (AddParameter): Name = "DISTRIBUTOR #"; Value = "1276-6351-2-ND"; VariantName = "[No Variations]"
Add component (AddParameter): Name = "DNI"; Value = ""; VariantName = "[No Variations]"
Add component (AddParameter): Name = "EE_SPEC"; Value = "3A"; VariantName = "[No Variations]"
Add component (AddParameter): Name = "MANUFACTURER"; Value = "Samsung"; VariantName = "[No Variations]"
Add component (AddParameter): Name = "MANUFACTURER #"; Value = "CIS10P121AC"; VariantName = "[No Variations]"
Add component (AddParameter): Name = "PART"; Value = "FERRITE 120R 3A 0603"; VariantName = "[No Variations]"
Add component (AddParameter): Name = "PART DESCRIPTION"; Value = "FERRITE BEAD 120 OHM 0603 1LN"; VariantName = "[No Variations]"
Add component (AddParameter): Name = "TOLERANCE"; Value = "-NA-"; VariantName = "[No Variations]"
Add component (AddParameter): Name = "VALUE"; Value = "120Rfb"; VariantName = "[No Variations]"
Added Component: Designator=FB12(FB0603)
Add component. Clean all parameters for all variants
Add component (AddParameter): Name = "DISTRIBUTOR"; Value = "Digikey"; VariantName = "[No Variations]"
Add component (AddParameter): Name = "DISTRIBUTOR #"; Value = "1276-6351-2-ND"; VariantName = "[No Variations]"
Add component (AddParameter): Name = "DNI"; Value = ""; VariantName = "[No Variations]"
Add component (AddParameter): Name = "EE_SPEC"; Value = "3A"; VariantName = "[No Variations]"
Add component (AddParameter): Name = "MANUFACTURER"; Value = "Samsung"; VariantName = "[No Variations]"
Add component (AddParameter): Name = "MANUFACTURER #"; Value = "CIS10P121AC"; VariantName = "[No Variations]"
Add component (AddParameter): Name = "PART"; Value = "FERRITE 120R 3A 0603"; VariantName = "[No Variations]"
Add component (AddParameter): Name = "PART DESCRIPTION"; Value = "FERRITE BEAD 120 OHM 0603 1LN"; VariantName = "[No Variations]"
Add component (AddParameter): Name = "TOLERANCE"; Value = "-NA-"; VariantName = "[No Variations]"
Add component (AddParameter): Name = "VALUE"; Value = "120Rfb"; VariantName = "[No Variations]"
Added Component: Designator=FB13(FB0603)
Add component. Clean all parameters for all variants
Add component (AddParameter): Name = "DISTRIBUTOR"; Value = "Digikey"; VariantName = "[No Variations]"
Add component (AddParameter): Name = "DISTRIBUTOR #"; Value = "1276-6351-2-ND"; VariantName = "[No Variations]"
Add component (AddParameter): Name = "DNI"; Value = ""; VariantName = "[No Variations]"
Add component (AddParameter): Name = "EE_SPEC"; Value = "3A"; VariantName = "[No Variations]"
Add component (AddParameter): Name = "MANUFACTURER"; Value = "Samsung"; VariantName = "[No Variations]"
Add component (AddParameter): Name = "MANUFACTURER #"; Value = "CIS10P121AC"; VariantName = "[No Variations]"
Add component (AddParameter): Name = "PART"; Value = "FERRITE 120R 3A 0603"; VariantName = "[No Variations]"
Add component (AddParameter): Name = "PART DESCRIPTION"; Value = "FERRITE BEAD 120 OHM 0603 1LN"; VariantName = "[No Variations]"
Add component (AddParameter): Name = "TOLERANCE"; Value = "-NA-"; VariantName = "[No Variations]"
Add component (AddParameter): Name = "VALUE"; Value = "120Rfb"; VariantName = "[No Variations]"
Added Component: Designator=FB14(FB0603)
Add component. Clean all parameters for all variants
Add component (AddParameter): Name = "DISTRIBUTOR"; Value = "Digikey"; VariantName = "[No Variations]"
Add component (AddParameter): Name = "DISTRIBUTOR #"; Value = "1276-6351-2-ND"; VariantName = "[No Variations]"
Add component (AddParameter): Name = "DNI"; Value = ""; VariantName = "[No Variations]"
Add component (AddParameter): Name = "EE_SPEC"; Value = "3A"; VariantName = "[No Variations]"
Add component (AddParameter): Name = "MANUFACTURER"; Value = "Samsung"; VariantName = "[No Variations]"
Add component (AddParameter): Name = "MANUFACTURER #"; Value = "CIS10P121AC"; VariantName = "[No Variations]"
Add component (AddParameter): Name = "PART"; Value = "FERRITE 120R 3A 0603"; VariantName = "[No Variations]"
Add component (AddParameter): Name = "PART DESCRIPTION"; Value = "FERRITE BEAD 120 OHM 0603 1LN"; VariantName = "[No Variations]"
Add component (AddParameter): Name = "TOLERANCE"; Value = "-NA-"; VariantName = "[No Variations]"
Add component (AddParameter): Name = "VALUE"; Value = "120Rfb"; VariantName = "[No Variations]"
Added Component: Designator=FB15(FB0603)
Add component. Clean all parameters for all variants
Add component (AddParameter): Name = "DISTRIBUTOR"; Value = "Digikey"; VariantName = "[No Variations]"
Add component (AddParameter): Name = "DISTRIBUTOR #"; Value = "1276-6351-2-ND"; VariantName = "[No Variations]"
Add component (AddParameter): Name = "DNI"; Value = ""; VariantName = "[No Variations]"
Add component (AddParameter): Name = "EE_SPEC"; Value = "3A"; VariantName = "[No Variations]"
Add component (AddParameter): Name = "MANUFACTURER"; Value = "Samsung"; VariantName = "[No Variations]"
Add component (AddParameter): Name = "MANUFACTURER #"; Value = "CIS10P121AC"; VariantName = "[No Variations]"
Add component (AddParameter): Name = "PART"; Value = "FERRITE 120R 3A 0603"; VariantName = "[No Variations]"
Add component (AddParameter): Name = "PART DESCRIPTION"; Value = "FERRITE BEAD 120 OHM 0603 1LN"; VariantName = "[No Variations]"
Add component (AddParameter): Name = "TOLERANCE"; Value = "-NA-"; VariantName = "[No Variations]"
Add component (AddParameter): Name = "VALUE"; Value = "120Rfb"; VariantName = "[No Variations]"
Added Component: Designator=FB16(FB0603)
Add component. Clean all parameters for all variants
Add component (AddParameter): Name = "DISTRIBUTOR"; Value = "Digikey"; VariantName = "[No Variations]"
Add component (AddParameter): Name = "DISTRIBUTOR #"; Value = "1276-6351-2-ND"; VariantName = "[No Variations]"
Add component (AddParameter): Name = "DNI"; Value = ""; VariantName = "[No Variations]"
Add component (AddParameter): Name = "EE_SPEC"; Value = "3A"; VariantName = "[No Variations]"
Add component (AddParameter): Name = "MANUFACTURER"; Value = "Samsung"; VariantName = "[No Variations]"
Add component (AddParameter): Name = "MANUFACTURER #"; Value = "CIS10P121AC"; VariantName = "[No Variations]"
Add component (AddParameter): Name = "PART"; Value = "FERRITE 120R 3A 0603"; VariantName = "[No Variations]"
Add component (AddParameter): Name = "PART DESCRIPTION"; Value = "FERRITE BEAD 120 OHM 0603 1LN"; VariantName = "[No Variations]"
Add component (AddParameter): Name = "TOLERANCE"; Value = "-NA-"; VariantName = "[No Variations]"
Add component (AddParameter): Name = "VALUE"; Value = "120Rfb"; VariantName = "[No Variations]"
Added Component: Designator=FB17(FB0603)
Add component. Clean all parameters for all variants
Add component (AddParameter): Name = "DISTRIBUTOR"; Value = "Digikey"; VariantName = "[No Variations]"
Add component (AddParameter): Name = "DISTRIBUTOR #"; Value = "1276-6351-2-ND"; VariantName = "[No Variations]"
Add component (AddParameter): Name = "DNI"; Value = ""; VariantName = "[No Variations]"
Add component (AddParameter): Name = "EE_SPEC"; Value = "3A"; VariantName = "[No Variations]"
Add component (AddParameter): Name = "MANUFACTURER"; Value = "Samsung"; VariantName = "[No Variations]"
Add component (AddParameter): Name = "MANUFACTURER #"; Value = "CIS10P121AC"; VariantName = "[No Variations]"
Add component (AddParameter): Name = "PART"; Value = "FERRITE 120R 3A 0603"; VariantName = "[No Variations]"
Add component (AddParameter): Name = "PART DESCRIPTION"; Value = "FERRITE BEAD 120 OHM 0603 1LN"; VariantName = "[No Variations]"
Add component (AddParameter): Name = "TOLERANCE"; Value = "-NA-"; VariantName = "[No Variations]"
Add component (AddParameter): Name = "VALUE"; Value = "120Rfb"; VariantName = "[No Variations]"
Added Component: Designator=FB18(FB0603)
Add component. Clean all parameters for all variants
Add component (AddParameter): Name = "DISTRIBUTOR"; Value = "Digikey"; VariantName = "[No Variations]"
Add component (AddParameter): Name = "DISTRIBUTOR #"; Value = "1276-6351-2-ND"; VariantName = "[No Variations]"
Add component (AddParameter): Name = "DNI"; Value = ""; VariantName = "[No Variations]"
Add component (AddParameter): Name = "EE_SPEC"; Value = "3A"; VariantName = "[No Variations]"
Add component (AddParameter): Name = "MANUFACTURER"; Value = "Samsung"; VariantName = "[No Variations]"
Add component (AddParameter): Name = "MANUFACTURER #"; Value = "CIS10P121AC"; VariantName = "[No Variations]"
Add component (AddParameter): Name = "PART"; Value = "FERRITE 120R 3A 0603"; VariantName = "[No Variations]"
Add component (AddParameter): Name = "PART DESCRIPTION"; Value = "FERRITE BEAD 120 OHM 0603 1LN"; VariantName = "[No Variations]"
Add component (AddParameter): Name = "TOLERANCE"; Value = "-NA-"; VariantName = "[No Variations]"
Add component (AddParameter): Name = "VALUE"; Value = "120Rfb"; VariantName = "[No Variations]"
Added Component: Designator=FB19(FB0603)
Add component. Clean all parameters for all variants
Add component (AddParameter): Name = "DISTRIBUTOR"; Value = "Digikey"; VariantName = "[No Variations]"
Add component (AddParameter): Name = "DISTRIBUTOR #"; Value = "1276-6351-2-ND"; VariantName = "[No Variations]"
Add component (AddParameter): Name = "DNI"; Value = ""; VariantName = "[No Variations]"
Add component (AddParameter): Name = "EE_SPEC"; Value = "3A"; VariantName = "[No Variations]"
Add component (AddParameter): Name = "MANUFACTURER"; Value = "Samsung"; VariantName = "[No Variations]"
Add component (AddParameter): Name = "MANUFACTURER #"; Value = "CIS10P121AC"; VariantName = "[No Variations]"
Add component (AddParameter): Name = "PART"; Value = "FERRITE 120R 3A 0603"; VariantName = "[No Variations]"
Add component (AddParameter): Name = "PART DESCRIPTION"; Value = "FERRITE BEAD 120 OHM 0603 1LN"; VariantName = "[No Variations]"
Add component (AddParameter): Name = "TOLERANCE"; Value = "-NA-"; VariantName = "[No Variations]"
Add component (AddParameter): Name = "VALUE"; Value = "120Rfb"; VariantName = "[No Variations]"
Added Component: Designator=FB20(FB0603)
Add component. Clean all parameters for all variants
Add component (AddParameter): Name = "DISTRIBUTOR"; Value = "Digikey"; VariantName = "[No Variations]"
Add component (AddParameter): Name = "DISTRIBUTOR #"; Value = "1276-6351-2-ND"; VariantName = "[No Variations]"
Add component (AddParameter): Name = "DNI"; Value = ""; VariantName = "[No Variations]"
Add component (AddParameter): Name = "EE_SPEC"; Value = "3A"; VariantName = "[No Variations]"
Add component (AddParameter): Name = "MANUFACTURER"; Value = "Samsung"; VariantName = "[No Variations]"
Add component (AddParameter): Name = "MANUFACTURER #"; Value = "CIS10P121AC"; VariantName = "[No Variations]"
Add component (AddParameter): Name = "PART"; Value = "FERRITE 120R 3A 0603"; VariantName = "[No Variations]"
Add component (AddParameter): Name = "PART DESCRIPTION"; Value = "FERRITE BEAD 120 OHM 0603 1LN"; VariantName = "[No Variations]"
Add component (AddParameter): Name = "TOLERANCE"; Value = "-NA-"; VariantName = "[No Variations]"
Add component (AddParameter): Name = "VALUE"; Value = "120Rfb"; VariantName = "[No Variations]"
Added Pin To Net: NetName=NetC65_1 Pin=FB9-1
Added Pin To Net: NetName=NetC66_1 Pin=FB10-1
Added Pin To Net: NetName=NetC106_1 Pin=FB11-1
Added Pin To Net: NetName=NetC107_1 Pin=FB12-1
Added Pin To Net: NetName=NetC75_1 Pin=FB13-1
Added Pin To Net: NetName=NetC112_1 Pin=FB14-1
Added Pin To Net: NetName=NetC114_1 Pin=FB15-1
Added Pin To Net: NetName=NetC115_1 Pin=FB16-1
Added Pin To Net: NetName=NetC78_1 Pin=FB17-1
Added Pin To Net: NetName=NetC80_1 Pin=FB18-1
Added Pin To Net: NetName=NetC117_1 Pin=FB19-1
Added Pin To Net: NetName=NetC118_1 Pin=FB20-1
Added Pin To Net: NetName=NetC108_2 Pin=R10-1
Added Pin To Net: NetName=NetC113_2 Pin=R15-1
Added Pin To Net: NetName=NetC116_2 Pin=R22-1
Added Pin To Net: NetName=NetC82_2 Pin=R25-1
Added Pin To Net: NetName=NetFB9_2 Pin=FB9-2
Added Pin To Net: NetName=NetFB9_2 Pin=J9-1
Added Net: Name=NetFB9_2
Added Pin To Net: NetName=NetFB10_2 Pin=FB10-2
Added Pin To Net: NetName=NetFB10_2 Pin=J9-2
Added Net: Name=NetFB10_2
Added Pin To Net: NetName=NetFB11_2 Pin=FB11-2
Added Pin To Net: NetName=NetFB11_2 Pin=J9-3
Added Net: Name=NetFB11_2
Added Pin To Net: NetName=NetFB12_2 Pin=FB12-2
Added Pin To Net: NetName=NetFB12_2 Pin=J9-4
Added Net: Name=NetFB12_2
Added Pin To Net: NetName=NetFB13_2 Pin=FB13-2
Added Pin To Net: NetName=NetFB13_2 Pin=J10-1
Added Pin To Net: NetName=NetFB13_2 Pin=J11-1
Added Net: Name=NetFB13_2
Added Pin To Net: NetName=NetFB14_2 Pin=FB14-2
Added Pin To Net: NetName=NetFB14_2 Pin=J10-2
Added Pin To Net: NetName=NetFB14_2 Pin=J11-2
Added Net: Name=NetFB14_2
Added Pin To Net: NetName=NetFB15_2 Pin=FB15-2
Added Pin To Net: NetName=NetFB15_2 Pin=J10-3
Added Pin To Net: NetName=NetFB15_2 Pin=J11-3
Added Net: Name=NetFB15_2
Added Pin To Net: NetName=NetFB16_2 Pin=FB16-2
Added Pin To Net: NetName=NetFB16_2 Pin=J10-4
Added Pin To Net: NetName=NetFB16_2 Pin=J11-4
Added Net: Name=NetFB16_2
Added Pin To Net: NetName=NetFB17_2 Pin=FB17-2
Added Pin To Net: NetName=NetFB17_2 Pin=J12-1
Added Net: Name=NetFB17_2
Added Pin To Net: NetName=NetFB18_2 Pin=FB18-2
Added Pin To Net: NetName=NetFB18_2 Pin=J12-2
Added Net: Name=NetFB18_2
Added Pin To Net: NetName=NetFB19_2 Pin=FB19-2
Added Pin To Net: NetName=NetFB19_2 Pin=J12-3
Added Net: Name=NetFB19_2
Added Pin To Net: NetName=NetFB20_2 Pin=FB20-2
Added Pin To Net: NetName=NetFB20_2 Pin=J12-4
Added Net: Name=NetFB20_2
