Added Component: Designator=TP3(TP1-27)
Added Component: Designator=TP16(TP1-27)
Added Component: Designator=TP17(TP1-27)
Added Component: Designator=TP18(TP1-27)
Added Component: Designator=TP22(TP1-27)
Added Component: Designator=TP23(TP1-27)
Added Component: Designator=TP24(TP1-27)
Added Component: Designator=TP25(TP1-27)
Added Component: Designator=TP26(TP1-27)
Added Component: Designator=TP27(TP1-27)
Added Component: Designator=TP28(TP1-27)
Added Component: Designator=TP29(TP1-27)
Added Component: Designator=TP30(TP1-27)
Added Component: Designator=TP31(TP1-27)
Added Component: Designator=X14(4POL254)
Added Component: Designator=X15(4POL254)
Added Pin To Net: NetName=+12V2 Pin=TP3-TP
Added Pin To Net: NetName=+12V3 Pin=TP16-TP
Added Pin To Net: NetName=NetD6_A Pin=TP17-TP
Added Pin To Net: NetName=NetD10_A Pin=TP18-TP
Added Pin To Net: NetName=NetLED8_C Pin=TP22-TP
Added Pin To Net: NetName=NetLED3_C Pin=TP23-TP
Added Pin To Net: NetName=DTR Pin=TP24-TP
Added Pin To Net: NetName=RX0-I Pin=TP25-TP
Added Pin To Net: NetName=TX0-I Pin=TP26-TP
Added Pin To Net: NetName=D- Pin=TP27-TP
Added Pin To Net: NetName=D+ Pin=TP28-TP
Added Pin To Net: NetName=NetC10_1 Pin=TP29-TP
Added Pin To Net: NetName=RX0 Pin=TP30-TP
Added Pin To Net: NetName=TX0 Pin=TP31-TP
Added Pin To Net: NetName=NetU7_1 Pin=X14-1
Added Pin To Net: NetName=NetU7_30 Pin=X14-2
Added Pin To Net: NetName=NetU7_27 Pin=X14-3
Added Pin To Net: NetName=NetU7_24 Pin=X14-4
Added Pin To Net: NetName=NetU7_1 Pin=X15-1
Added Pin To Net: NetName=NetU7_30 Pin=X15-2
Added Pin To Net: NetName=NetU7_27 Pin=X15-3
Added Pin To Net: NetName=NetU7_24 Pin=X15-4
Change Net Name : Old Net Name=XVCC New Net Name=NetF4_1
Added Member To Class: ClassName=Motors Member=Component X14 MPT4
Added Member To Class: ClassName=Motors Member=Component X15 MPT4
