Added Component: Designator=C73(C0603)
Added Component: Designator=D17(SOD993-DFN3127P600-8N)
Added Component: Designator=D18(SOD993-DFN3127P600-8N)
Added Component: Designator=D19(SOD993-DFN3127P600-8N)
Added Component: Designator=D20(SOD993-DFN3127P600-8N)
Added Component: Designator=D21(SOD993-DFN3127P600-8N)
Added Component: Designator=D22(SOD993-DFN3127P600-8N)
Added Component: Designator=D23(SOD993-DFN3127P600-8N)
Added Component: Designator=D24(SOD993-DFN3127P600-8N)
Added Pin To Net: NetName=+12V Pin=C73-1
Added Pin To Net: NetName=GND Pin=C73-2
Added Pin To Net: NetName=NetC99_2 Pin=D17-A
Added Pin To Net: NetName=NetC97_1 Pin=D17-C
Added Pin To Net: NetName=NetC99_2 Pin=D18-A
Added Pin To Net: NetName=NetC98_1 Pin=D18-C
Added Pin To Net: NetName=NetC102_2 Pin=D19-A
Added Pin To Net: NetName=NetC100_1 Pin=D19-C
Added Pin To Net: NetName=NetC102_2 Pin=D20-A
Added Pin To Net: NetName=NetC101_1 Pin=D20-C
Added Pin To Net: NetName=NetC71_2 Pin=D21-A
Added Pin To Net: NetName=NetC65_1 Pin=D21-C
Added Pin To Net: NetName=NetC71_2 Pin=D22-A
Added Pin To Net: NetName=NetC66_1 Pin=D22-C
Added Pin To Net: NetName=NetC108_2 Pin=D23-A
Added Pin To Net: NetName=NetC106_1 Pin=D23-C
Added Pin To Net: NetName=NetC108_2 Pin=D24-A
Added Pin To Net: NetName=NetC106_1 Pin=D24-C
Added Member To Class: ClassName=Motors Member=Component C73 100nF
