Removed Pin From Net: NetName=GND Pin=Q8-1
Removed Pin From Net: NetName=GND Pin=Q8-3
Removed Pin From Net: NetName=FAN-1 Pin=R9-1
Removed Pin From Net: NetName=FAN-1 Pin=R16-1
Removed Pin From Net: NetName=GND Pin=R16-2
Removed Pin From Net: NetName=FAN-0 Pin=R21-1
Removed Pin From Net: NetName=GND Pin=R21-2
Removed Pin From Net: NetName=NetLED8_A Pin=R69-1
Removed Pin From Net: NetName=+12V2 Pin=R69-2
Removed Pin From Net: NetName=NetLED3_A Pin=R70-1
Removed Pin From Net: NetName=+12V2 Pin=R70-2
Removed Pin From Net: NetName=FAN-0 Pin=R71-1
Removed Pin From Net: NetName=+12V2 Pin=TP33-TP
Removed Pin From Net: NetName=+12V2 Pin=X6-2
Removed Pin From Net: NetName=+12V2 Pin=X14-2
Change Component Footprint: Designator=R9 Old Footprint=R0603 New Footprint=R0402
Change Component Footprint: Designator=R16 Old Footprint=R0603 New Footprint=R0402
Change Component Footprint: Designator=R21 Old Footprint=R0603 New Footprint=R0402
Change Component Comment : Designator=R9 Old Comment=10r New Comment=100K
Change Component Comment : Designator=R21 Old Comment=100K New Comment=470R
Added Component: Designator=Q2(SOIC8-dual-drain)
Added Component: Designator=Q3(SOT523 SMALL)
Added Component: Designator=Q4(SOT523 SMALL)
Added Component: Designator=R48(R0402)
Added Component: Designator=R49(R0402)
Added Component: Designator=R50(R0402)
Added Component: Designator=R51(R0402)
Added Component: Designator=R52(R0402)
Added Component: Designator=R53(R0402)
Added Component: Designator=R54(R0402)
Added Pin To Net: NetName=GND Pin=LED3-C
Added Pin To Net: NetName=GND Pin=LED8-C
Added Pin To Net: NetName=+12V2 Pin=Q2-1
Added Pin To Net: NetName=+12V2 Pin=Q2-3
Added Pin To Net: NetName=GND Pin=Q3-2
Added Pin To Net: NetName=GND Pin=Q4-2
Added Pin To Net: NetName=+12V2 Pin=R9-2
Added Pin To Net: NetName=+12V2 Pin=R16-2
Added Pin To Net: NetName=GND Pin=R51-1
Added Pin To Net: NetName=GND Pin=R52-1
Added Pin To Net: NetName=NetLED3_A Pin=R53-1
Added Pin To Net: NetName=NetLED8_A Pin=R54-1
Added Pin To Net: NetName=GND Pin=TP22-TP
Added Pin To Net: NetName=GND Pin=X6-1
Added Pin To Net: NetName=GND Pin=X14-1
Added Pin To Net: NetName=NetQ2_2 Pin=Q2-2
Added Pin To Net: NetName=NetQ2_2 Pin=R9-1
Added Pin To Net: NetName=NetQ2_2 Pin=R21-2
Added Net: Name=NetQ2_2
Added Pin To Net: NetName=NetQ2_4 Pin=Q2-4
Added Pin To Net: NetName=NetQ2_4 Pin=R16-1
Added Pin To Net: NetName=NetQ2_4 Pin=R48-2
Added Net: Name=NetQ2_4
Added Pin To Net: NetName=NetQ2_5 Pin=Q2-5
Added Pin To Net: NetName=NetQ2_5 Pin=Q2-5
Added Pin To Net: NetName=NetQ2_5 Pin=R54-2
Added Pin To Net: NetName=NetQ2_5 Pin=TP33-TP
Added Pin To Net: NetName=NetQ2_5 Pin=X14-2
Added Net: Name=NetQ2_5
Added Pin To Net: NetName=NetQ2_7 Pin=Q2-7
Added Pin To Net: NetName=NetQ2_7 Pin=Q2-7
Added Pin To Net: NetName=NetQ2_7 Pin=R53-2
Added Pin To Net: NetName=NetQ2_7 Pin=TP23-TP
Added Pin To Net: NetName=NetQ2_7 Pin=X6-2
Added Net: Name=NetQ2_7
Added Pin To Net: NetName=NetQ3_1 Pin=Q3-1
Added Pin To Net: NetName=NetQ3_1 Pin=R49-2
Added Pin To Net: NetName=NetQ3_1 Pin=R51-2
Added Net: Name=NetQ3_1
Added Pin To Net: NetName=NetQ3_3 Pin=Q3-3
Added Pin To Net: NetName=NetQ3_3 Pin=R21-1
Added Net: Name=NetQ3_3
Added Pin To Net: NetName=NetQ4_1 Pin=Q4-1
Added Pin To Net: NetName=NetQ4_1 Pin=R50-2
Added Pin To Net: NetName=NetQ4_1 Pin=R52-2
Added Net: Name=NetQ4_1
Added Pin To Net: NetName=NetQ4_3 Pin=Q4-3
Added Pin To Net: NetName=NetQ4_3 Pin=R48-1
Added Net: Name=NetQ4_3
