Removed Pin From Net: NetName=L13 Pin=R33-1
Removed Pin From Net: NetName=NetLED1_A Pin=R33-2
Removed Pin From Net: NetName=Y-MAX Pin=TP39-TP
Removed Pin From Net: NetName=Z-MAX Pin=TP41-TP
Removed Pin From Net: NetName=X-MAX Pin=TP49-TP
Added Component: Designator=RN4(CAY16)
Added Pin To Net: NetName=L13 Pin=RN4-1
Added Pin To Net: NetName=Z-MAX Pin=RN4-5
Added Pin To Net: NetName=Y-MAX Pin=RN4-6
Added Pin To Net: NetName=X-MAX Pin=RN4-7
Added Pin To Net: NetName=NetLED1_A Pin=RN4-8
Added Pin To Net: NetName=NetRN4_2 Pin=RN4-2
Added Pin To Net: NetName=NetRN4_2 Pin=TP49-TP
Added Net: Name=NetRN4_2
Added Pin To Net: NetName=NetRN4_3 Pin=RN4-3
Added Pin To Net: NetName=NetRN4_3 Pin=TP39-TP
Added Net: Name=NetRN4_3
Added Pin To Net: NetName=NetRN4_4 Pin=RN4-4
Added Pin To Net: NetName=NetRN4_4 Pin=TP41-TP
Added Net: Name=NetRN4_4
