Removed Pin From Net: NetName=+12V2 Pin=X3-3
Removed Pin From Net: NetName=NetD6_A Pin=X3-4
Removed Member From Class: ClassName=Power-SMPS Member=C24
Change Component DesignItemId : Designator=X3 Old DesignItemId=MSTBV4 New DesignItemId=MPT4
Change Component Footprint: Designator=X3 Old Footprint=MSTBV4 New Footprint=4POL254
Change Component Comment : Designator=X3 Old Comment=0395311004 New Comment=MPT4
Added Component: Designator=C28(C0603)
Added Component: Designator=C29(C0402)
Added Component: Designator=C31(C0603)
Added Component: Designator=C51(C0402)
Added Component: Designator=C53(C0402)
Added Component: Designator=C54(C0402)
Added Component: Designator=C61(C0402)
Added Component: Designator=C65(C0603)
Added Component: Designator=C66(C0603)
Added Component: Designator=C71(C0603)
Added Component: Designator=C106(C0603)
Added Component: Designator=C107(C0603)
Added Component: Designator=C108(C0603)
Added Component: Designator=C109(CAP-ELEC-063063077)
Added Component: Designator=C110(C0603)
Added Component: Designator=C111(C0603)
Added Component: Designator=L3(C0805)
Added Component: Designator=R4(R0402)
Added Component: Designator=R7(R1206)
Added Component: Designator=R22(R1206)
Added Component: Designator=TP2(TP1-27)
Added Component: Designator=TP4(TP1-27)
Added Component: Designator=TP50(TP1-27)
Added Component: Designator=TP53(TP1-27)
Added Component: Designator=U5(QFN36-50P500X600X900_HS-37N)
Added Pin To Net: NetName=VMOT Pin=C28-2
Added Pin To Net: NetName=GND Pin=C31-1
Added Pin To Net: NetName=GND Pin=C51-1
Added Pin To Net: NetName=GND Pin=C53-1
Added Pin To Net: NetName=GND Pin=C54-1
Added Pin To Net: NetName=GND Pin=C61-2
Added Pin To Net: NetName=GND Pin=C65-2
Added Pin To Net: NetName=GND Pin=C66-2
Added Pin To Net: NetName=GND Pin=C71-1
Added Pin To Net: NetName=GND Pin=C106-2
Added Pin To Net: NetName=GND Pin=C107-2
Added Pin To Net: NetName=GND Pin=C108-1
Added Pin To Net: NetName=VMOT Pin=C109-1
Added Pin To Net: NetName=GND Pin=C109-2
Added Pin To Net: NetName=GND Pin=C110-1
Added Pin To Net: NetName=VMOT Pin=C110-2
Added Pin To Net: NetName=GND Pin=C111-1
Added Pin To Net: NetName=VMOT Pin=C111-2
Added Pin To Net: NetName=VCC Pin=L3-2
Added Pin To Net: NetName=GND Pin=R7-2
Added Pin To Net: NetName=GND Pin=R22-2
Added Pin To Net: NetName=GND Pin=U5-1
Added Pin To Net: NetName=X-MS2 Pin=U5-2
Added Pin To Net: NetName=PB1_SCK Pin=U5-3
Added Pin To Net: NetName=PB2_MOSI Pin=U5-4
Added Pin To Net: NetName=PB3_MISO Pin=U5-5
Added Pin To Net: NetName=NetU2_53 Pin=U5-6
Added Pin To Net: NetName=NetU2_36 Pin=U5-7
Added Pin To Net: NetName=GND Pin=U5-12
Added Pin To Net: NetName=VMOT Pin=U5-16
Added Pin To Net: NetName=GND Pin=U5-18
Added Pin To Net: NetName=X-MS1 Pin=U5-21
Added Pin To Net: NetName=NetU2_71 Pin=U5-22
Added Pin To Net: NetName=XY-REF Pin=U5-23
Added Pin To Net: NetName=GND Pin=U5-24
Added Pin To Net: NetName=VMOT Pin=U5-31
Added Pin To Net: NetName=GND Pin=U5-35
Added Pin To Net: NetName=GND Pin=U5-37
Added Pin To Net: NetName=+12V2 Pin=X13-1
Added Pin To Net: NetName=NetD6_A Pin=X13-2
Added Pin To Net: NetName=NetC28_1 Pin=C28-1
Added Pin To Net: NetName=NetC28_1 Pin=U5-29
Added Net: Name=NetC28_1
Added Pin To Net: NetName=NetC29_1 Pin=C29-1
Added Pin To Net: NetName=NetC29_1 Pin=U5-28
Added Net: Name=NetC29_1
Added Pin To Net: NetName=NetC29_2 Pin=C29-2
Added Pin To Net: NetName=NetC29_2 Pin=U5-27
Added Net: Name=NetC29_2
Added Pin To Net: NetName=NetC31_2 Pin=C31-2
Added Pin To Net: NetName=NetC31_2 Pin=C51-2
Added Pin To Net: NetName=NetC31_2 Pin=C53-2
Added Pin To Net: NetName=NetC31_2 Pin=C54-2
Added Pin To Net: NetName=NetC31_2 Pin=L3-1
Added Pin To Net: NetName=NetC31_2 Pin=R4-2
Added Pin To Net: NetName=NetC31_2 Pin=U5-8
Added Pin To Net: NetName=NetC31_2 Pin=U5-26
Added Pin To Net: NetName=NetC31_2 Pin=U5-30
Added Net: Name=NetC31_2
Added Pin To Net: NetName=NetC61_1 Pin=C61-1
Added Pin To Net: NetName=NetC61_1 Pin=R4-1
Added Pin To Net: NetName=NetC61_1 Pin=U5-25
Added Net: Name=NetC61_1
Added Pin To Net: NetName=NetC65_1 Pin=C65-1
Added Pin To Net: NetName=NetC65_1 Pin=TP2-TP
Added Pin To Net: NetName=NetC65_1 Pin=U5-34
Added Pin To Net: NetName=NetC65_1 Pin=X3-1
Added Net: Name=NetC65_1
Added Pin To Net: NetName=NetC66_1 Pin=C66-1
Added Pin To Net: NetName=NetC66_1 Pin=TP50-TP
Added Pin To Net: NetName=NetC66_1 Pin=U5-32
Added Pin To Net: NetName=NetC66_1 Pin=X3-2
Added Net: Name=NetC66_1
Added Pin To Net: NetName=NetC71_2 Pin=C71-2
Added Pin To Net: NetName=NetC71_2 Pin=R7-1
Added Pin To Net: NetName=NetC71_2 Pin=U5-33
Added Net: Name=NetC71_2
Added Pin To Net: NetName=NetC106_1 Pin=C106-1
Added Pin To Net: NetName=NetC106_1 Pin=TP4-TP
Added Pin To Net: NetName=NetC106_1 Pin=U5-15
Added Pin To Net: NetName=NetC106_1 Pin=X3-3
Added Net: Name=NetC106_1
Added Pin To Net: NetName=NetC107_1 Pin=C107-1
Added Pin To Net: NetName=NetC107_1 Pin=TP53-TP
Added Pin To Net: NetName=NetC107_1 Pin=U5-13
Added Pin To Net: NetName=NetC107_1 Pin=X3-4
Added Net: Name=NetC107_1
Added Pin To Net: NetName=NetC108_2 Pin=C108-2
Added Pin To Net: NetName=NetC108_2 Pin=R22-1
Added Pin To Net: NetName=NetC108_2 Pin=U5-14
Added Net: Name=NetC108_2
Added Member To Class: ClassName=Power-SMPS Member=Component C103 UWT1V101MCL1GS
