Removed Pin From Net: NetName=PB1_SCK Pin=U4-3
Removed Pin From Net: NetName=PB2_MOSI Pin=U4-4
Removed Pin From Net: NetName=PB3_MISO Pin=U4-5
Removed Pin From Net: NetName=PB1_SCK Pin=U5-3
Removed Pin From Net: NetName=PB2_MOSI Pin=U5-4
Removed Pin From Net: NetName=PB3_MISO Pin=U5-5
Removed Pin From Net: NetName=PB1_SCK Pin=U6-3
Removed Pin From Net: NetName=PB2_MOSI Pin=U6-4
Removed Pin From Net: NetName=PB3_MISO Pin=U6-5
Removed Pin From Net: NetName=PB1_SCK Pin=U7-3
Removed Pin From Net: NetName=PB2_MOSI Pin=U7-4
Removed Pin From Net: NetName=PB3_MISO Pin=U7-5
Added Component: Designator=R19(R0402)
Added Component: Designator=R20(R0402)
Added Component: Designator=R27(R0402)
Added Pin To Net: NetName=PB3_MISO Pin=R19-1
Added Pin To Net: NetName=PB1_SCK Pin=R20-2
Added Pin To Net: NetName=PB2_MOSI Pin=R27-1
Added Pin To Net: NetName=NetR19_2 Pin=R19-2
Added Pin To Net: NetName=NetR19_2 Pin=U4-5
Added Pin To Net: NetName=NetR19_2 Pin=U5-5
Added Pin To Net: NetName=NetR19_2 Pin=U6-5
Added Pin To Net: NetName=NetR19_2 Pin=U7-5
Added Net: Name=NetR19_2
Added Pin To Net: NetName=NetR20_1 Pin=R20-1
Added Pin To Net: NetName=NetR20_1 Pin=U4-3
Added Pin To Net: NetName=NetR20_1 Pin=U5-3
Added Pin To Net: NetName=NetR20_1 Pin=U6-3
Added Pin To Net: NetName=NetR20_1 Pin=U7-3
Added Net: Name=NetR20_1
Added Pin To Net: NetName=NetR27_2 Pin=R27-2
Added Pin To Net: NetName=NetR27_2 Pin=U4-4
Added Pin To Net: NetName=NetR27_2 Pin=U5-4
Added Pin To Net: NetName=NetR27_2 Pin=U6-4
Added Pin To Net: NetName=NetR27_2 Pin=U7-4
Added Net: Name=NetR27_2
