Removed Pin From Net: NetName=THERM2 Pin=D1-A
Removed Pin From Net: NetName=GND Pin=D5-A
Removed Pin From Net: NetName=THERM2 Pin=D5-C
Removed Pin From Net: NetName=THERM0 Pin=D11-A
Removed Pin From Net: NetName=GND Pin=D12-A
Removed Pin From Net: NetName=GND Pin=D13-A
Removed Pin From Net: NetName=THERM0 Pin=D13-C
Removed Pin From Net: NetName=THERM1 Pin=D14-A
Removed Pin From Net: NetName=GND Pin=D15-A
Removed Pin From Net: NetName=THERM1 Pin=D15-C
Removed Pin From Net: NetName=PD4 Pin=D33-A
Removed Pin From Net: NetName=VCC Pin=D33-C
Removed Pin From Net: NetName=PE7 Pin=D34-A
Removed Pin From Net: NetName=VCC Pin=D34-C
Removed Pin From Net: NetName=GND Pin=D35-A
Removed Pin From Net: NetName=PD4 Pin=D35-C
Removed Pin From Net: NetName=GND Pin=D36-A
Removed Pin From Net: NetName=PE7 Pin=D36-C
Removed Pin From Net: NetName=PH2 Pin=P3-10
Removed Pin From Net: NetName=THERM2 Pin=R6-1
Removed Pin From Net: NetName=NetR5_1 Pin=R6-2
Removed Pin From Net: NetName=PD4 Pin=R30-1
Removed Pin From Net: NetName=THERM0 Pin=R32-1
Removed Pin From Net: NetName=PE7 Pin=R33-1
Removed Pin From Net: NetName=NetR36_1 Pin=R37-2
Removed Pin From Net: NetName=+12V2 Pin=R73-2
Change Component Footprint: Designator=R6 Old Footprint=R0603 New Footprint=R0402
Change Component Footprint: Designator=R32 Old Footprint=R0603 New Footprint=R0402
Change Component Footprint: Designator=R37 Old Footprint=R0603 New Footprint=R0402
Change Component Footprint: Designator=D12 Old Footprint=SOD323-R New Footprint=SOT323
Change Component Footprint: Designator=D1 Old Footprint=SOD523 New Footprint=SOT323
Change Component Footprint: Designator=D5 Old Footprint=SOD523 New Footprint=SOT323
Change Component Footprint: Designator=D11 Old Footprint=SOD523 New Footprint=SOT323
Change Component Footprint: Designator=D13 Old Footprint=SOD523 New Footprint=SOT323
Change Component Comment : Designator=D1 Old Comment=1N4148WT New Comment=BAT54S
Change Component Comment : Designator=D5 Old Comment=1N4148WT New Comment=BAT54S
Change Component Comment : Designator=D11 Old Comment=1N4148WT New Comment=BAT54S
Change Component Comment : Designator=D13 Old Comment=1N4148WT New Comment=BAT54S
Change Component Comment : Designator=R6 Old Comment=4.7K New Comment=2k37
Change Component Comment : Designator=R32 Old Comment=4.7K New Comment=2k37
Change Component Comment : Designator=R37 Old Comment=4.7K New Comment=2k37
Change Component Comment : Designator=L6 Old Comment=LQM21FN100M70L New Comment=10uH 0.7A
Change Component Comment : Designator=D12 Old Comment=SZMM3Z4V7T1G New Comment=BAT54S
Change Component Comment : Designator=L1 Old Comment=XAL5050-153MED New Comment=15uH 3.9A
Added Component: Designator=R38(R0402)
Added Component: Designator=R39(R0402)
Added Component: Designator=R41(R0402)
Added Component: Designator=R44(R0603)
Added Component: Designator=R45(R0603)
Added Pin To Net: NetName=GND Pin=D1-1
Added Pin To Net: NetName=VCC Pin=D1-2
Added Pin To Net: NetName=GND Pin=D5-1
Added Pin To Net: NetName=VCC Pin=D5-2
Added Pin To Net: NetName=GND Pin=D11-1
Added Pin To Net: NetName=VCC Pin=D11-2
Added Pin To Net: NetName=GND Pin=D12-1
Added Pin To Net: NetName=VCC Pin=D12-2
Added Pin To Net: NetName=GND Pin=D13-1
Added Pin To Net: NetName=VCC Pin=D13-2
Added Pin To Net: NetName=PK0 Pin=P3-10
Added Pin To Net: NetName=THERM0 Pin=R6-1
Added Pin To Net: NetName=NetR36_1 Pin=R38-2
Added Pin To Net: NetName=THERM2 Pin=R39-1
Added Pin To Net: NetName=NetR5_1 Pin=R41-2
Added Pin To Net: NetName=PD4 Pin=R44-1
Added Pin To Net: NetName=PE7 Pin=R45-1
Added Pin To Net: NetName=GND Pin=U4-11
Added Pin To Net: NetName=GND Pin=U4-36
Added Pin To Net: NetName=GND Pin=U5-11
Added Pin To Net: NetName=GND Pin=U5-36
Added Pin To Net: NetName=GND Pin=U6-11
Added Pin To Net: NetName=GND Pin=U6-36
Added Pin To Net: NetName=GND Pin=U7-11
Added Pin To Net: NetName=GND Pin=U7-36
Change Net Name : Old Net Name=NetC10_1 New Net Name=RST-IO
Change Net Name : Old Net Name=NetC20_1 New Net Name=E-REF
Change Net Name : Old Net Name=NetD10_A New Net Name=BED-OUT
Change Net Name : Old Net Name=NetP2_5 New Net Name=MOSI
Change Net Name : Old Net Name=NetP2_9 New Net Name=SCK
Change Net Name : Old Net Name=NetP2_10 New Net Name=MISO
Change Net Name : Old Net Name=NetU2_35 New Net Name=X-DIR
Change Net Name : Old Net Name=NetU2_36 New Net Name=Y-DIR
Change Net Name : Old Net Name=NetU2_37 New Net Name=Z-DIR
Change Net Name : Old Net Name=NetU2_41 New Net Name=E0-DIR
Change Net Name : Old Net Name=NetU2_53 New Net Name=X-STEP
Change Net Name : Old Net Name=NetU2_54 New Net Name=Y-STEP
Change Net Name : Old Net Name=NetU2_55 New Net Name=Z-STEP
Change Net Name : Old Net Name=NetU2_56 New Net Name=E0-STEP
Change Net Name : Old Net Name=NetU2_71 New Net Name=X-EN
Change Net Name : Old Net Name=NetU2_72 New Net Name=Y-EN
Change Net Name : Old Net Name=NetU2_73 New Net Name=Z-EN
Change Net Name : Old Net Name=NetU2_74 New Net Name=E0-EN
Added Pin To Net: NetName=NetD1_3 Pin=D1-3
Added Pin To Net: NetName=NetD1_3 Pin=R6-2
Added Pin To Net: NetName=NetD1_3 Pin=R32-1
Added Net: Name=NetD1_3
Added Pin To Net: NetName=NetD5_3 Pin=D5-3
Added Pin To Net: NetName=NetD5_3 Pin=R37-2
Added Pin To Net: NetName=NetD5_3 Pin=R38-1
Added Net: Name=NetD5_3
Added Pin To Net: NetName=NetD11_3 Pin=D11-3
Added Pin To Net: NetName=NetD11_3 Pin=R39-2
Added Pin To Net: NetName=NetD11_3 Pin=R41-1
Added Net: Name=NetD11_3
Added Pin To Net: NetName=NetD12_3 Pin=D12-3
Added Pin To Net: NetName=NetD12_3 Pin=R30-1
Added Pin To Net: NetName=NetD12_3 Pin=R44-2
Added Net: Name=NetD12_3
Added Pin To Net: NetName=NetD13_3 Pin=D13-3
Added Pin To Net: NetName=NetD13_3 Pin=R33-1
Added Pin To Net: NetName=NetD13_3 Pin=R45-2
Added Net: Name=NetD13_3
