Added Component: Designator=C5(CAP-ELEC-063063077)
Added Component: Designator=C23(C0603)
Added Component: Designator=C32(C0603)
Added Component: Designator=C33(C0603)
Added Component: Designator=C34(C0402)
Added Component: Designator=C36(C0603)
Added Component: Designator=C50(C0402)
Added Component: Designator=C55(C0402)
Added Component: Designator=C64(C0402)
Added Component: Designator=C72(C0402)
Added Component: Designator=C75(C0603)
Added Component: Designator=C112(C0603)
Added Component: Designator=C113(C0603)
Added Component: Designator=C114(C0603)
Added Component: Designator=C115(C0603)
Added Component: Designator=C116(C0603)
Added Component: Designator=D25(SOD993-DFN3127P600-8N)
Added Component: Designator=D26(SOD993-DFN3127P600-8N)
Added Component: Designator=D27(SOD993-DFN3127P600-8N)
Added Component: Designator=D28(SOD993-DFN3127P600-8N)
Added Component: Designator=L4(C0805)
Added Component: Designator=R8(R0402)
Added Component: Designator=R10(R1206)
Added Component: Designator=R25(R1206)
Added Component: Designator=TP5(TP1-27)
Added Component: Designator=TP6(TP1-27)
Added Component: Designator=TP7(TP1-27)
Added Component: Designator=TP51(TP1-27)
Added Component: Designator=U6(QFN36-50P500X600X900_HS-37N)
Added Component: Designator=X4(4POL254)
Added Pin To Net: NetName=VMOT Pin=C5-1
Added Pin To Net: NetName=GND Pin=C5-2
Added Pin To Net: NetName=GND Pin=C23-1
Added Pin To Net: NetName=VMOT Pin=C23-2
Added Pin To Net: NetName=GND Pin=C32-1
Added Pin To Net: NetName=VMOT Pin=C32-2
Added Pin To Net: NetName=VMOT Pin=C33-2
Added Pin To Net: NetName=GND Pin=C36-1
Added Pin To Net: NetName=GND Pin=C50-1
Added Pin To Net: NetName=GND Pin=C55-1
Added Pin To Net: NetName=GND Pin=C64-1
Added Pin To Net: NetName=GND Pin=C72-2
Added Pin To Net: NetName=GND Pin=C75-2
Added Pin To Net: NetName=GND Pin=C112-2
Added Pin To Net: NetName=GND Pin=C113-1
Added Pin To Net: NetName=GND Pin=C114-2
Added Pin To Net: NetName=GND Pin=C115-2
Added Pin To Net: NetName=GND Pin=C116-1
Added Pin To Net: NetName=VCC Pin=L4-2
Added Pin To Net: NetName=GND Pin=R10-2
Added Pin To Net: NetName=GND Pin=R25-2
Added Pin To Net: NetName=GND Pin=U6-1
Added Pin To Net: NetName=Y-MS2 Pin=U6-2
Added Pin To Net: NetName=PB1_SCK Pin=U6-3
Added Pin To Net: NetName=PB2_MOSI Pin=U6-4
Added Pin To Net: NetName=PB3_MISO Pin=U6-5
Added Pin To Net: NetName=NetU2_54 Pin=U6-6
Added Pin To Net: NetName=NetU2_35 Pin=U6-7
Added Pin To Net: NetName=GND Pin=U6-12
Added Pin To Net: NetName=VMOT Pin=U6-16
Added Pin To Net: NetName=GND Pin=U6-18
Added Pin To Net: NetName=Y-MS1 Pin=U6-21
Added Pin To Net: NetName=NetU2_72 Pin=U6-22
Added Pin To Net: NetName=XY-REF Pin=U6-23
Added Pin To Net: NetName=GND Pin=U6-24
Added Pin To Net: NetName=VMOT Pin=U6-31
Added Pin To Net: NetName=GND Pin=U6-35
Added Pin To Net: NetName=GND Pin=U6-37
Added Pin To Net: NetName=NetC33_1 Pin=C33-1
Added Pin To Net: NetName=NetC33_1 Pin=U6-29
Added Net: Name=NetC33_1
Added Pin To Net: NetName=NetC34_1 Pin=C34-1
Added Pin To Net: NetName=NetC34_1 Pin=U6-28
Added Net: Name=NetC34_1
Added Pin To Net: NetName=NetC34_2 Pin=C34-2
Added Pin To Net: NetName=NetC34_2 Pin=U6-27
Added Net: Name=NetC34_2
Added Pin To Net: NetName=NetC36_2 Pin=C36-2
Added Pin To Net: NetName=NetC36_2 Pin=C50-2
Added Pin To Net: NetName=NetC36_2 Pin=C55-2
Added Pin To Net: NetName=NetC36_2 Pin=C64-2
Added Pin To Net: NetName=NetC36_2 Pin=L4-1
Added Pin To Net: NetName=NetC36_2 Pin=R8-2
Added Pin To Net: NetName=NetC36_2 Pin=U6-8
Added Pin To Net: NetName=NetC36_2 Pin=U6-26
Added Pin To Net: NetName=NetC36_2 Pin=U6-30
Added Net: Name=NetC36_2
Added Pin To Net: NetName=NetC72_1 Pin=C72-1
Added Pin To Net: NetName=NetC72_1 Pin=R8-1
Added Pin To Net: NetName=NetC72_1 Pin=U6-25
Added Net: Name=NetC72_1
Added Pin To Net: NetName=NetC75_1 Pin=C75-1
Added Pin To Net: NetName=NetC75_1 Pin=D25-C
Added Pin To Net: NetName=NetC75_1 Pin=TP5-TP
Added Pin To Net: NetName=NetC75_1 Pin=U6-34
Added Pin To Net: NetName=NetC75_1 Pin=X4-1
Added Net: Name=NetC75_1
Added Pin To Net: NetName=NetC112_1 Pin=C112-1
Added Pin To Net: NetName=NetC112_1 Pin=D26-C
Added Pin To Net: NetName=NetC112_1 Pin=TP7-TP
Added Pin To Net: NetName=NetC112_1 Pin=U6-32
Added Pin To Net: NetName=NetC112_1 Pin=X4-2
Added Net: Name=NetC112_1
Added Pin To Net: NetName=NetC113_2 Pin=C113-2
Added Pin To Net: NetName=NetC113_2 Pin=D25-A
Added Pin To Net: NetName=NetC113_2 Pin=D26-A
Added Pin To Net: NetName=NetC113_2 Pin=R10-1
Added Pin To Net: NetName=NetC113_2 Pin=U6-33
Added Net: Name=NetC113_2
Added Pin To Net: NetName=NetC114_1 Pin=C114-1
Added Pin To Net: NetName=NetC114_1 Pin=D27-C
Added Pin To Net: NetName=NetC114_1 Pin=D28-C
Added Pin To Net: NetName=NetC114_1 Pin=TP6-TP
Added Pin To Net: NetName=NetC114_1 Pin=U6-15
Added Pin To Net: NetName=NetC114_1 Pin=X4-3
Added Net: Name=NetC114_1
Added Pin To Net: NetName=NetC115_1 Pin=C115-1
Added Pin To Net: NetName=NetC115_1 Pin=TP51-TP
Added Pin To Net: NetName=NetC115_1 Pin=U6-13
Added Pin To Net: NetName=NetC115_1 Pin=X4-4
Added Net: Name=NetC115_1
Added Pin To Net: NetName=NetC116_2 Pin=C116-2
Added Pin To Net: NetName=NetC116_2 Pin=D27-A
Added Pin To Net: NetName=NetC116_2 Pin=D28-A
Added Pin To Net: NetName=NetC116_2 Pin=R25-1
Added Pin To Net: NetName=NetC116_2 Pin=U6-14
Added Net: Name=NetC116_2
