Added Component: Designator=R33(R0402)
Added Pin To Net: NetName=VCC Pin=D15-K
Added Pin To Net: NetName=VCC Pin=D33-K
Added Pin To Net: NetName=GND Pin=D34-A
Added Pin To Net: NetName=GND Pin=D35-A
Added Pin To Net: NetName=VCC Pin=R28-2
Added Pin To Net: NetName=VCC Pin=R29-2
Added Pin To Net: NetName=PD4 Pin=R44-1
Added Pin To Net: NetName=PE7 Pin=R45-1
Added Pin To Net: NetName=NetD15_A Pin=D15-A
Added Pin To Net: NetName=NetD15_A Pin=D35-K
Added Pin To Net: NetName=NetD15_A Pin=R33-1
Added Pin To Net: NetName=NetD15_A Pin=R45-2
Added Net: Name=NetD15_A
Added Pin To Net: NetName=NetD33_A Pin=D33-A
Added Pin To Net: NetName=NetD33_A Pin=D34-K
Added Pin To Net: NetName=NetD33_A Pin=R30-1
Added Pin To Net: NetName=NetD33_A Pin=R44-2
Added Net: Name=NetD33_A
Added Pin To Net: NetName=NetR28_1 Pin=R28-1
Added Pin To Net: NetName=NetR28_1 Pin=R30-2
Added Pin To Net: NetName=NetR28_1 Pin=X6-3
Added Net: Name=NetR28_1
Added Pin To Net: NetName=NetR29_1 Pin=R29-1
Added Pin To Net: NetName=NetR29_1 Pin=R33-2
Added Pin To Net: NetName=NetR29_1 Pin=X14-3
Added Net: Name=NetR29_1
