Removed Pin From Net: NetName=PH2 Pin=P111-1
Removed Pin From Net: NetName=PH6 Pin=P111-2
Removed Pin From Net: NetName=TX1 Pin=P111-3
Removed Pin From Net: NetName=PD5 Pin=P111-4
Removed Pin From Net: NetName=RX1 Pin=P111-5
Removed Pin From Net: NetName=PG4 Pin=P111-6
Removed Pin From Net: NetName=PH7 Pin=P111-7
Removed Pin From Net: NetName=PG3 Pin=P111-8
Removed Pin From Net: NetName=GND Pin=P111-9
Removed Pin From Net: NetName=VCC Pin=P111-10
Removed Pin From Net: NetName=PB3_MISO Pin=P222-1
Removed Pin From Net: NetName=PB1_SCK Pin=P222-2
Removed Pin From Net: NetName=PJ2 Pin=P222-3
Removed Pin From Net: NetName=PB0_SD-SS Pin=P222-4
Removed Pin From Net: NetName=TX3 Pin=P222-5
Removed Pin From Net: NetName=PB2_MOSI Pin=P222-6
Removed Pin From Net: NetName=RX3 Pin=P222-7
Removed Pin From Net: NetName=RESET Pin=P222-8
Removed Pin From Net: NetName=GND Pin=P222-9
Removed Pin From Net: NetName=PC5 Pin=P222-10
Added Pin To Net: NetName=VCC Pin=P111-1
Added Pin To Net: NetName=GND Pin=P111-2
Added Pin To Net: NetName=PG3 Pin=P111-3
Added Pin To Net: NetName=PH7 Pin=P111-4
Added Pin To Net: NetName=PG4 Pin=P111-5
Added Pin To Net: NetName=RX1 Pin=P111-6
Added Pin To Net: NetName=PD5 Pin=P111-7
Added Pin To Net: NetName=TX1 Pin=P111-8
Added Pin To Net: NetName=PH6 Pin=P111-9
Added Pin To Net: NetName=PH2 Pin=P111-10
Added Pin To Net: NetName=PC5 Pin=P222-1
Added Pin To Net: NetName=GND Pin=P222-2
Added Pin To Net: NetName=RESET Pin=P222-3
Added Pin To Net: NetName=RX3 Pin=P222-4
Added Pin To Net: NetName=PB2_MOSI Pin=P222-5
Added Pin To Net: NetName=TX3 Pin=P222-6
Added Pin To Net: NetName=PB0_SD-SS Pin=P222-7
Added Pin To Net: NetName=PJ2 Pin=P222-8
Added Pin To Net: NetName=PB1_SCK Pin=P222-9
Added Pin To Net: NetName=PB3_MISO Pin=P222-10
