Removed Member From Class: ClassName=Motors Member=U4
Added Component: Designator=C90(C0603)
Added Component: Designator=C91(C0603)
Added Component: Designator=C92(C0603)
Added Component: Designator=C93(C0603)
Added Component: Designator=C94(C0603)
Added Component: Designator=C95(C0603)
Added Component: Designator=C96(C0603)
Added Component: Designator=C97(C0603)
Added Component: Designator=C98(C0603)
Added Component: Designator=C99(C0603)
Added Component: Designator=C100(C0603)
Added Component: Designator=C101(C0603)
Added Component: Designator=C102(C0603)
Added Component: Designator=C103(CAP-ELEC-063063077)
Added Component: Designator=C104(C0603)
Added Component: Designator=C105(C0603)
Added Component: Designator=L6(C0805)
Added Component: Designator=R12(R0402)
Added Component: Designator=R17(R1206)
Added Component: Designator=R18(R1206)
Added Component: Designator=TP73(TP1-27)
Added Component: Designator=TP74(TP1-27)
Added Component: Designator=TP75(TP1-27)
Added Component: Designator=X16(4POL254)
Added Pin To Net: NetName=GND Pin=C92-1
Added Pin To Net: NetName=GND Pin=C93-1
Added Pin To Net: NetName=GND Pin=C94-1
Added Pin To Net: NetName=GND Pin=C95-1
Added Pin To Net: NetName=GND Pin=C96-2
Added Pin To Net: NetName=GND Pin=C97-2
Added Pin To Net: NetName=GND Pin=C98-2
Added Pin To Net: NetName=GND Pin=C99-1
Added Pin To Net: NetName=GND Pin=C100-2
Added Pin To Net: NetName=GND Pin=C101-2
Added Pin To Net: NetName=GND Pin=C102-1
Added Pin To Net: NetName=GND Pin=C103-2
Added Pin To Net: NetName=GND Pin=C104-1
Added Pin To Net: NetName=GND Pin=C105-1
Added Pin To Net: NetName=VCC Pin=L6-2
Added Pin To Net: NetName=GND Pin=R17-2
Added Pin To Net: NetName=GND Pin=R18-2
Added Pin To Net: NetName=GND Pin=U4-1
Added Pin To Net: NetName=X-MS2 Pin=U4-2
Added Pin To Net: NetName=PB1_SCK Pin=U4-3
Added Pin To Net: NetName=PB2_MOSI Pin=U4-4
Added Pin To Net: NetName=PB3_MISO Pin=U4-5
Added Pin To Net: NetName=X-STEP Pin=U4-6
Added Pin To Net: NetName=X-DIR Pin=U4-7
Added Pin To Net: NetName=GND Pin=U4-12
Added Pin To Net: NetName=GND Pin=U4-18
Added Pin To Net: NetName=X-MS1 Pin=U4-21
Added Pin To Net: NetName=X-EN Pin=U4-22
Added Pin To Net: NetName=XY-REF Pin=U4-23
Added Pin To Net: NetName=GND Pin=U4-24
Added Pin To Net: NetName=GND Pin=U4-35
Added Pin To Net: NetName=GND Pin=U4-37
Added Pin To Net: NetName=NetC90_1 Pin=C90-1
Added Pin To Net: NetName=NetC90_1 Pin=U4-29
Added Net: Name=NetC90_1
Added Pin To Net: NetName=NetC91_1 Pin=C91-1
Added Pin To Net: NetName=NetC91_1 Pin=U4-28
Added Net: Name=NetC91_1
Added Pin To Net: NetName=NetC91_2 Pin=C91-2
Added Pin To Net: NetName=NetC91_2 Pin=U4-27
Added Net: Name=NetC91_2
Added Pin To Net: NetName=NetC92_2 Pin=C92-2
Added Pin To Net: NetName=NetC92_2 Pin=C93-2
Added Pin To Net: NetName=NetC92_2 Pin=L6-1
Added Pin To Net: NetName=NetC92_2 Pin=R12-2
Added Pin To Net: NetName=NetC92_2 Pin=U4-30
Added Net: Name=NetC92_2
Added Pin To Net: NetName=NetC94_2 Pin=C94-2
Added Pin To Net: NetName=NetC94_2 Pin=U4-8
Added Net: Name=NetC94_2
Added Pin To Net: NetName=NetC95_2 Pin=C95-2
Added Pin To Net: NetName=NetC95_2 Pin=U4-26
Added Net: Name=NetC95_2
Added Pin To Net: NetName=NetC96_1 Pin=C96-1
Added Pin To Net: NetName=NetC96_1 Pin=R12-1
Added Pin To Net: NetName=NetC96_1 Pin=U4-25
Added Net: Name=NetC96_1
Added Pin To Net: NetName=NetC97_1 Pin=C97-1
Added Pin To Net: NetName=NetC97_1 Pin=TP73-TP
Added Pin To Net: NetName=NetC97_1 Pin=U4-34
Added Pin To Net: NetName=NetC97_1 Pin=X16-1
Added Net: Name=NetC97_1
Added Pin To Net: NetName=NetC98_1 Pin=C98-1
Added Pin To Net: NetName=NetC98_1 Pin=TP75-TP
Added Pin To Net: NetName=NetC98_1 Pin=U4-32
Added Pin To Net: NetName=NetC98_1 Pin=X16-2
Added Net: Name=NetC98_1
Added Pin To Net: NetName=NetC99_2 Pin=C99-2
Added Pin To Net: NetName=NetC99_2 Pin=R17-1
Added Pin To Net: NetName=NetC99_2 Pin=U4-33
Added Net: Name=NetC99_2
Added Pin To Net: NetName=NetC100_1 Pin=C100-1
Added Pin To Net: NetName=NetC100_1 Pin=TP74-TP
Added Pin To Net: NetName=NetC100_1 Pin=U4-15
Added Pin To Net: NetName=NetC100_1 Pin=X16-3
Added Net: Name=NetC100_1
Added Pin To Net: NetName=NetC101_1 Pin=C101-1
Added Pin To Net: NetName=NetC101_1 Pin=U4-13
Added Pin To Net: NetName=NetC101_1 Pin=X16-4
Added Net: Name=NetC101_1
Added Pin To Net: NetName=NetC102_2 Pin=C102-2
Added Pin To Net: NetName=NetC102_2 Pin=R18-1
Added Pin To Net: NetName=NetC102_2 Pin=U4-14
Added Net: Name=NetC102_2
Added Pin To Net: NetName=VMOT Pin=C90-2
Added Pin To Net: NetName=VMOT Pin=C103-1
Added Pin To Net: NetName=VMOT Pin=C104-2
Added Pin To Net: NetName=VMOT Pin=C105-2
Added Pin To Net: NetName=VMOT Pin=U4-16
Added Pin To Net: NetName=VMOT Pin=U4-31
Added Net: Name=VMOT
