Removed Pin From Net: NetName=Z-MAX Pin=RV8-2
Added Component: Designator=RV9(C0402)
Added Component: Designator=RV10(C0402)
Added Component: Designator=RV11(C0402)
Added Component: Designator=RV12(C0402)
Added Component: Designator=RV13(C0402)
Added Component: Designator=RV14(C0402)
Added Component: Designator=RV15(C0402)
Added Component: Designator=RV16(C0402)
Added Component: Designator=RV17(C0402)
Added Component: Designator=RV18(C0402)
Added Component: Designator=RV19(C0402)
Added Component: Designator=RV20(C0402)
Added Component: Designator=RV21(C0402)
Added Component: Designator=RV22(C0402)
Added Component: Designator=RV23(C0402)
Added Component: Designator=RV24(C0402)
Added Component: Designator=RV25(C0402)
Added Pin To Net: NetName=PB2_MOSI Pin=RV8-2
Added Pin To Net: NetName=GND Pin=RV9-1
Added Pin To Net: NetName=PB0_SD-SS Pin=RV9-2
Added Pin To Net: NetName=GND Pin=RV10-1
Added Pin To Net: NetName=PH6 Pin=RV10-2
Added Pin To Net: NetName=TX1 Pin=RV11-1
Added Pin To Net: NetName=GND Pin=RV11-2
Added Pin To Net: NetName=GND Pin=RV12-1
Added Pin To Net: NetName=PD5 Pin=RV12-2
Added Pin To Net: NetName=RX1 Pin=RV13-1
Added Pin To Net: NetName=GND Pin=RV13-2
Added Pin To Net: NetName=GND Pin=RV14-1
Added Pin To Net: NetName=PG4 Pin=RV14-2
Added Pin To Net: NetName=PH7 Pin=RV15-1
Added Pin To Net: NetName=GND Pin=RV15-2
Added Pin To Net: NetName=GND Pin=RV16-1
Added Pin To Net: NetName=PG3 Pin=RV16-2
Added Pin To Net: NetName=PB3_MISO Pin=RV17-1
Added Pin To Net: NetName=GND Pin=RV17-2
Added Pin To Net: NetName=GND Pin=RV18-1
Added Pin To Net: NetName=PB1_SCK Pin=RV18-2
Added Pin To Net: NetName=PH2 Pin=RV19-1
Added Pin To Net: NetName=GND Pin=RV19-2
Added Pin To Net: NetName=PJ2 Pin=RV20-1
Added Pin To Net: NetName=GND Pin=RV20-2
Added Pin To Net: NetName=TX3 Pin=RV21-1
Added Pin To Net: NetName=GND Pin=RV21-2
Added Pin To Net: NetName=RX3 Pin=RV22-1
Added Pin To Net: NetName=GND Pin=RV22-2
Added Pin To Net: NetName=Z-MAX Pin=RV23-1
Added Pin To Net: NetName=GND Pin=RV23-2
Added Pin To Net: NetName=GND Pin=RV24-1
Added Pin To Net: NetName=RESET Pin=RV24-2
Added Pin To Net: NetName=GND Pin=RV25-1
Added Pin To Net: NetName=PC5 Pin=RV25-2
