Added Component: Designator=C18(CAP-ELEC-063063077)
Added Component: Designator=C31(C0603)
Added Component: Designator=C36(C0603)
Added Component: Designator=C37(C0603)
Added Component: Designator=C38(C0402)
Added Component: Designator=C39(C0402)
Added Component: Designator=C41(C0402)
Added Component: Designator=C73(C0402)
Added Component: Designator=C76(C0402)
Added Component: Designator=C78(C0603)
Added Component: Designator=C80(C0603)
Added Component: Designator=C82(C0603)
Added Component: Designator=C117(C0603)
Added Component: Designator=C118(C0603)
Added Component: Designator=C119(C0603)
Added Component: Designator=D29(SOD993-DFN3127P600-8N)
Added Component: Designator=D30(SOD993-DFN3127P600-8N)
Added Component: Designator=D31(SOD993-DFN3127P600-8N)
Added Component: Designator=D32(SOD993-DFN3127P600-8N)
Added Component: Designator=R14(R0402)
Added Component: Designator=R15(R1206)
Added Component: Designator=R26(R1206)
Added Component: Designator=TP9(TP1-27)
Added Component: Designator=TP10(TP1-27)
Added Component: Designator=TP19(TP1-27)
Added Component: Designator=TP52(TP1-27)
Added Component: Designator=U7(QFN36-50P500X600X900_HS-37N)
Added Component: Designator=X10(4POL254)
Added Pin To Net: NetName=VMOT Pin=C18-1
Added Pin To Net: NetName=GND Pin=C18-2
Added Pin To Net: NetName=GND Pin=C31-1
Added Pin To Net: NetName=VMOT Pin=C31-2
Added Pin To Net: NetName=GND Pin=C36-1
Added Pin To Net: NetName=VMOT Pin=C36-2
Added Pin To Net: NetName=VMOT Pin=C37-2
Added Pin To Net: NetName=GND Pin=C39-1
Added Pin To Net: NetName=VCC-MOT Pin=C39-2
Added Pin To Net: NetName=GND Pin=C41-1
Added Pin To Net: NetName=VCC-MOT Pin=C41-2
Added Pin To Net: NetName=GND Pin=C73-1
Added Pin To Net: NetName=VCC-MOT Pin=C73-2
Added Pin To Net: NetName=GND Pin=C76-2
Added Pin To Net: NetName=GND Pin=C78-2
Added Pin To Net: NetName=GND Pin=C80-2
Added Pin To Net: NetName=GND Pin=C82-1
Added Pin To Net: NetName=GND Pin=C117-2
Added Pin To Net: NetName=GND Pin=C118-2
Added Pin To Net: NetName=GND Pin=C119-1
Added Pin To Net: NetName=VCC-MOT Pin=R14-2
Added Pin To Net: NetName=GND Pin=R15-2
Added Pin To Net: NetName=GND Pin=R26-2
Added Pin To Net: NetName=GND Pin=U7-1
Added Pin To Net: NetName=E0-MS2 Pin=U7-2
Added Pin To Net: NetName=PB1_SCK Pin=U7-3
Added Pin To Net: NetName=PB2_MOSI Pin=U7-4
Added Pin To Net: NetName=PB3_MISO Pin=U7-5
Added Pin To Net: NetName=E0-STEP Pin=U7-6
Added Pin To Net: NetName=E0-DIR Pin=U7-7
Added Pin To Net: NetName=VCC-MOT Pin=U7-8
Added Pin To Net: NetName=GND Pin=U7-12
Added Pin To Net: NetName=VMOT Pin=U7-16
Added Pin To Net: NetName=GND Pin=U7-18
Added Pin To Net: NetName=E0-MS1 Pin=U7-21
Added Pin To Net: NetName=E0-EN Pin=U7-22
Added Pin To Net: NetName=E-REF Pin=U7-23
Added Pin To Net: NetName=GND Pin=U7-24
Added Pin To Net: NetName=VCC-MOT Pin=U7-26
Added Pin To Net: NetName=VCC-MOT Pin=U7-30
Added Pin To Net: NetName=VMOT Pin=U7-31
Added Pin To Net: NetName=GND Pin=U7-35
Added Pin To Net: NetName=GND Pin=U7-37
Added Pin To Net: NetName=NetC37_1 Pin=C37-1
Added Pin To Net: NetName=NetC37_1 Pin=U7-29
Added Net: Name=NetC37_1
Added Pin To Net: NetName=NetC38_1 Pin=C38-1
Added Pin To Net: NetName=NetC38_1 Pin=U7-28
Added Net: Name=NetC38_1
Added Pin To Net: NetName=NetC38_2 Pin=C38-2
Added Pin To Net: NetName=NetC38_2 Pin=U7-27
Added Net: Name=NetC38_2
Added Pin To Net: NetName=NetC76_1 Pin=C76-1
Added Pin To Net: NetName=NetC76_1 Pin=R14-1
Added Pin To Net: NetName=NetC76_1 Pin=U7-25
Added Net: Name=NetC76_1
Added Pin To Net: NetName=NetC78_1 Pin=C78-1
Added Pin To Net: NetName=NetC78_1 Pin=D29-C
Added Pin To Net: NetName=NetC78_1 Pin=TP9-TP
Added Pin To Net: NetName=NetC78_1 Pin=U7-32
Added Pin To Net: NetName=NetC78_1 Pin=X10-1
Added Net: Name=NetC78_1
Added Pin To Net: NetName=NetC80_1 Pin=C80-1
Added Pin To Net: NetName=NetC80_1 Pin=D30-C
Added Pin To Net: NetName=NetC80_1 Pin=TP19-TP
Added Pin To Net: NetName=NetC80_1 Pin=U7-34
Added Pin To Net: NetName=NetC80_1 Pin=X10-2
Added Net: Name=NetC80_1
Added Pin To Net: NetName=NetC82_2 Pin=C82-2
Added Pin To Net: NetName=NetC82_2 Pin=D29-A
Added Pin To Net: NetName=NetC82_2 Pin=D30-A
Added Pin To Net: NetName=NetC82_2 Pin=R15-1
Added Pin To Net: NetName=NetC82_2 Pin=U7-33
Added Net: Name=NetC82_2
Added Pin To Net: NetName=NetC117_1 Pin=C117-1
Added Pin To Net: NetName=NetC117_1 Pin=D31-C
Added Pin To Net: NetName=NetC117_1 Pin=TP10-TP
Added Pin To Net: NetName=NetC117_1 Pin=U7-15
Added Pin To Net: NetName=NetC117_1 Pin=X10-3
Added Net: Name=NetC117_1
Added Pin To Net: NetName=NetC118_1 Pin=C118-1
Added Pin To Net: NetName=NetC118_1 Pin=D32-C
Added Pin To Net: NetName=NetC118_1 Pin=TP52-TP
Added Pin To Net: NetName=NetC118_1 Pin=U7-13
Added Pin To Net: NetName=NetC118_1 Pin=X10-4
Added Net: Name=NetC118_1
Added Pin To Net: NetName=NetC119_2 Pin=C119-2
Added Pin To Net: NetName=NetC119_2 Pin=D31-A
Added Pin To Net: NetName=NetC119_2 Pin=D32-A
Added Pin To Net: NetName=NetC119_2 Pin=R26-1
Added Pin To Net: NetName=NetC119_2 Pin=U7-14
Added Net: Name=NetC119_2
