Removed Pin From Net: NetName=VCC Pin=C18-1
Removed Pin From Net: NetName=GND Pin=C18-2
Removed Pin From Net: NetName=+12V Pin=C37-1
Removed Pin From Net: NetName=+12V Pin=C39-1
Removed Pin From Net: NetName=GND Pin=C39-2
Removed Pin From Net: NetName=GND Pin=C41-1
Removed Pin From Net: NetName=+12V Pin=C73-1
Removed Pin From Net: NetName=GND Pin=C73-2
Removed Pin From Net: NetName=GND Pin=C76-2
Removed Pin From Net: NetName=GND Pin=C78-2
Removed Pin From Net: NetName=GND Pin=C80-2
Removed Pin From Net: NetName=GND Pin=C82-2
Removed Pin From Net: NetName=GND Pin=R14-2
Removed Pin From Net: NetName=GND Pin=R15-2
Removed Pin From Net: NetName=VCC Pin=R61-1
Removed Pin From Net: NetName=Z-REF Pin=TP9-TP
Removed Pin From Net: NetName=+12V Pin=U7-3
Removed Pin From Net: NetName=GND Pin=U7-6
Removed Pin From Net: NetName=Z-MS1 Pin=U7-11
Removed Pin From Net: NetName=Z-MS2 Pin=U7-12
Removed Pin From Net: NetName=VCC Pin=U7-13
Removed Pin From Net: NetName=GND Pin=U7-14
Removed Pin From Net: NetName=VCC Pin=U7-15
Removed Pin From Net: NetName=VCC Pin=U7-16
Removed Pin From Net: NetName=Z-REF Pin=U7-18
Removed Pin From Net: NetName=GND Pin=U7-19
Removed Pin From Net: NetName=+12V Pin=U7-22
Removed Pin From Net: NetName=GND Pin=U7-33
Removed Member From Class: ClassName=Motors Member=C18
Removed Member From Class: ClassName=Motors Member=C37
Removed Member From Class: ClassName=Motors Member=C38
Removed Member From Class: ClassName=Motors Member=C39
Removed Member From Class: ClassName=Motors Member=C41
Removed Member From Class: ClassName=Motors Member=C73
Removed Member From Class: ClassName=Motors Member=C76
Removed Member From Class: ClassName=Motors Member=C78
Removed Member From Class: ClassName=Motors Member=C80
Removed Member From Class: ClassName=Motors Member=C82
Removed Member From Class: ClassName=Motors Member=R14
Removed Member From Class: ClassName=Motors Member=R15
Removed Member From Class: ClassName=Motors Member=R61
Removed Member From Class: ClassName=Motors Member=TP8
Removed Member From Class: ClassName=Motors Member=TP9
Removed Member From Class: ClassName=Motors Member=TP10
Removed Member From Class: ClassName=Motors Member=TP19
Removed Member From Class: ClassName=Motors Member=TP58
Removed Member From Class: ClassName=Motors Member=TP60
Removed Member From Class: ClassName=Motors Member=TP63
Removed Member From Class: ClassName=Motors Member=TP65
Removed Member From Class: ClassName=Motors Member=U7
Removed Member From Class: ClassName=Motors Member=X14
Removed Member From Class: ClassName=Motors Member=X15
Added Pin To Net: NetName=NetU2_37 Pin=U2-37
Added Net: Name=NetU2_37
Added Pin To Net: NetName=NetU2_55 Pin=U2-55
Added Net: Name=NetU2_55
Added Pin To Net: NetName=NetU2_73 Pin=U2-73
Added Net: Name=NetU2_73
