Removed Pin From Net: NetName=PH2 Pin=P1-1
Removed Pin From Net: NetName=PH6 Pin=P1-2
Removed Pin From Net: NetName=TX1 Pin=P1-3
Removed Pin From Net: NetName=PD5 Pin=P1-4
Removed Pin From Net: NetName=RX1 Pin=P1-5
Removed Pin From Net: NetName=PG4 Pin=P1-6
Removed Pin From Net: NetName=PH7 Pin=P1-7
Removed Pin From Net: NetName=PG3 Pin=P1-8
Removed Pin From Net: NetName=GND Pin=P1-9
Removed Pin From Net: NetName=VCC Pin=P1-10
Removed Pin From Net: NetName=PB3_MISO Pin=P2-1
Removed Pin From Net: NetName=PB1_SCK Pin=P2-2
Removed Pin From Net: NetName=PJ2 Pin=P2-3
Removed Pin From Net: NetName=PB0_SD-SS Pin=P2-4
Removed Pin From Net: NetName=TX3 Pin=P2-5
Removed Pin From Net: NetName=PB2_MOSI Pin=P2-6
Removed Pin From Net: NetName=RX3 Pin=P2-7
Removed Pin From Net: NetName=RESET Pin=P2-8
Removed Pin From Net: NetName=GND Pin=P2-9
Removed Pin From Net: NetName=PC5 Pin=P2-10
