Removed Pin From Net: NetName=VCC Pin=C17-1
Removed Pin From Net: NetName=GND Pin=C17-2
Removed Pin From Net: NetName=+12V Pin=C42-1
Removed Pin From Net: NetName=+12V Pin=C44-1
Removed Pin From Net: NetName=GND Pin=C44-2
Removed Pin From Net: NetName=GND Pin=C46-1
Removed Pin From Net: NetName=+12V Pin=C74-1
Removed Pin From Net: NetName=GND Pin=C74-2
Removed Pin From Net: NetName=GND Pin=C77-2
Removed Pin From Net: NetName=GND Pin=C79-2
Removed Pin From Net: NetName=GND Pin=C81-2
Removed Pin From Net: NetName=GND Pin=C83-2
Removed Pin From Net: NetName=GND Pin=R19-2
Removed Pin From Net: NetName=GND Pin=R20-2
Removed Pin From Net: NetName=VCC Pin=R62-1
Removed Pin From Net: NetName=E-REF Pin=TP12-TP
Removed Pin From Net: NetName=+12V Pin=U8-3
Removed Pin From Net: NetName=GND Pin=U8-6
Removed Pin From Net: NetName=E0-MS1 Pin=U8-11
Removed Pin From Net: NetName=E0-MS2 Pin=U8-12
Removed Pin From Net: NetName=VCC Pin=U8-13
Removed Pin From Net: NetName=GND Pin=U8-14
Removed Pin From Net: NetName=VCC Pin=U8-15
Removed Pin From Net: NetName=VCC Pin=U8-16
Removed Pin From Net: NetName=E-REF Pin=U8-18
Removed Pin From Net: NetName=GND Pin=U8-19
Removed Pin From Net: NetName=+12V Pin=U8-22
Removed Pin From Net: NetName=GND Pin=U8-33
Change Net Name : Old Net Name=E-REF New Net Name=NetC20_1
Added Pin To Net: NetName=NetU2_41 Pin=U2-41
Added Pin To Net: NetName=NetU2_41 Pin=U7-7
Added Net: Name=NetU2_41
Added Pin To Net: NetName=NetU2_56 Pin=U2-56
Added Pin To Net: NetName=NetU2_56 Pin=U7-6
Added Net: Name=NetU2_56
Added Pin To Net: NetName=NetU2_74 Pin=U2-74
Added Pin To Net: NetName=NetU2_74 Pin=U7-22
Added Net: Name=NetU2_74
