Removed Pin From Net: NetName=PB2_MOSI Pin=RV8-2
Removed Pin From Net: NetName=PB3_MISO Pin=RV17-1
Removed Pin From Net: NetName=PB1_SCK Pin=RV18-2
Removed Pin From Net: NetName=PB3_MISO Pin=TP34-TP
Removed Pin From Net: NetName=PB1_SCK Pin=TP35-TP
Removed Pin From Net: NetName=PB1_SCK Pin=U2-20
Removed Pin From Net: NetName=PB2_MOSI Pin=U2-21
Removed Pin From Net: NetName=PB3_MISO Pin=U2-22
Removed Pin From Net: NetName=PB3_MISO Pin=X18-1
Removed Pin From Net: NetName=PB1_SCK Pin=X18-3
Removed Pin From Net: NetName=PB2_MOSI Pin=X18-4
Added Component: Designator=R19(R0402)
Added Component: Designator=R20(R0402)
Added Component: Designator=R27(R0402)
Added Pin To Net: NetName=PB3_MISO Pin=R19-2
Added Pin To Net: NetName=PB1_SCK Pin=R20-1
Added Pin To Net: NetName=PB2_MOSI Pin=R27-1
Change Net Name : Old Net Name=PB1_SCK New Net Name=NetP2_9
Change Net Name : Old Net Name=PB2_MOSI New Net Name=NetP2_5
Change Net Name : Old Net Name=PB3_MISO New Net Name=NetP2_10
Added Pin To Net: NetName=PB1_SCK Pin=R20-2
Added Pin To Net: NetName=PB1_SCK Pin=RV18-2
Added Pin To Net: NetName=PB1_SCK Pin=TP35-TP
Added Pin To Net: NetName=PB1_SCK Pin=U2-20
Added Pin To Net: NetName=PB1_SCK Pin=X18-3
Added Net: Name=PB1_SCK
Added Pin To Net: NetName=PB2_MOSI Pin=R27-2
Added Pin To Net: NetName=PB2_MOSI Pin=RV8-2
Added Pin To Net: NetName=PB2_MOSI Pin=U2-21
Added Pin To Net: NetName=PB2_MOSI Pin=X18-4
Added Net: Name=PB2_MOSI
Added Pin To Net: NetName=PB3_MISO Pin=R19-1
Added Pin To Net: NetName=PB3_MISO Pin=RV17-1
Added Pin To Net: NetName=PB3_MISO Pin=TP34-TP
Added Pin To Net: NetName=PB3_MISO Pin=U2-22
Added Pin To Net: NetName=PB3_MISO Pin=X18-1
Added Net: Name=PB3_MISO
