Removed Pin From Net: NetName=VCC Pin=P1-P$1
Removed Pin From Net: NetName=GND Pin=P1-P$2
Removed Pin From Net: NetName=PE7 Pin=P1-P$3
Removed Pin From Net: NetName=SCL Pin=P1-P$4
Removed Pin From Net: NetName=PB3_MISO Pin=P1-P$5
Removed Pin From Net: NetName=SDA Pin=P1-P$6
Removed Pin From Net: NetName=PB2_MOSI Pin=P1-P$7
Removed Pin From Net: NetName=PC5 Pin=P1-P$8
Removed Pin From Net: NetName=PB1_SCK Pin=P1-P$9
Removed Pin From Net: NetName=RX3 Pin=P1-P$10
Removed Pin From Net: NetName=PB0_SD-SS Pin=P1-P$11
Removed Pin From Net: NetName=TX3 Pin=P1-P$12
Removed Pin From Net: NetName=PJ2 Pin=P1-P$13
Removed Pin From Net: NetName=RESET Pin=P1-P$14
Removed Pin From Net: NetName=PJ3 Pin=P1-P$15
Removed Pin From Net: NetName=PE3 Pin=P1-P$16
Removed Pin From Net: NetName=PK1 Pin=P1-P$17
Removed Pin From Net: NetName=PE2 Pin=P1-P$18
Removed Pin From Net: NetName=PD7 Pin=P1-P$19
Removed Pin From Net: NetName=PC6 Pin=P1-P$20
Removed Pin From Net: NetName=VCC Pin=P2-P$1
Removed Pin From Net: NetName=GND Pin=P2-P$2
Removed Pin From Net: NetName=RX1 Pin=P2-P$3
Removed Pin From Net: NetName=PG4 Pin=P2-P$4
Removed Pin From Net: NetName=TX1 Pin=P2-P$5
Removed Pin From Net: NetName=PG3 Pin=P2-P$6
Removed Pin From Net: NetName=PD5 Pin=P2-P$7
Removed Pin From Net: NetName=PH7 Pin=P2-P$8
Removed Pin From Net: NetName=E1-STEP Pin=P2-P$9
Removed Pin From Net: NetName=FAN-2 Pin=P2-P$10
Removed Pin From Net: NetName=E1-EN Pin=P2-P$11
Removed Pin From Net: NetName=PH6 Pin=P2-P$12
Removed Pin From Net: NetName=E1-DIR Pin=P2-P$13
Removed Pin From Net: NetName=HEAT-1 Pin=P2-P$14
Removed Pin From Net: NetName=PF3 Pin=P2-P$15
Removed Pin From Net: NetName=RX2 Pin=P2-P$16
Removed Pin From Net: NetName=PF4 Pin=P2-P$17
Removed Pin From Net: NetName=TX2 Pin=P2-P$18
Removed Pin From Net: NetName=PF5 Pin=P2-P$19
Removed Pin From Net: NetName=PH2 Pin=P2-P$20
Added Component: Designator=P4(HDR2X5)
Added Component: Designator=P5(HDR2X5)
Added Pin To Net: NetName=RX1 Pin=P4-1
Added Pin To Net: NetName=PG4 Pin=P4-2
Added Pin To Net: NetName=TX1 Pin=P4-3
Added Pin To Net: NetName=PG3 Pin=P4-4
Added Pin To Net: NetName=PD5 Pin=P4-5
Added Pin To Net: NetName=PH7 Pin=P4-6
Added Pin To Net: NetName=PH2 Pin=P4-7
Added Pin To Net: NetName=PH6 Pin=P4-8
Added Pin To Net: NetName=GND Pin=P4-9
Added Pin To Net: NetName=VCC Pin=P4-10
Added Pin To Net: NetName=PB3_MISO Pin=P5-1
Added Pin To Net: NetName=PB1_SCK Pin=P5-2
Added Pin To Net: NetName=RX3 Pin=P5-3
Added Pin To Net: NetName=PB0_SD-SS Pin=P5-4
Added Pin To Net: NetName=TX3 Pin=P5-5
Added Pin To Net: NetName=PB2_MOSI Pin=P5-6
Added Pin To Net: NetName=PJ2 Pin=P5-7
Added Pin To Net: NetName=RESET Pin=P5-8
Added Pin To Net: NetName=GND Pin=P5-9
Added Pin To Net: NetName=PC5 Pin=P5-10
