Removed Pin From Net: NetName=GND Pin=C31-1
Removed Pin From Net: NetName=GND Pin=C36-1
Removed Pin From Net: NetName=VCC Pin=L3-2
Removed Pin From Net: NetName=VCC Pin=L4-2
Removed Pin From Net: NetName=NetC92_2 Pin=L6-1
Removed Pin From Net: NetName=VCC Pin=L6-2
Removed Pin From Net: NetName=Y-MS2 Pin=U6-2
Removed Pin From Net: NetName=NetU2_54 Pin=U6-6
Removed Pin From Net: NetName=NetU2_35 Pin=U6-7
Removed Pin From Net: NetName=Y-MS1 Pin=U6-21
Removed Pin From Net: NetName=NetU2_72 Pin=U6-22
Removed Pin From Net: NetName=XY-REF Pin=U6-23
Change Component Comment : Designator=C29 Old Comment=C0402TBD New Comment=22nF
Change Component Comment : Designator=C34 Old Comment=C0402TBD New Comment=22nF
Change Component Comment : Designator=C91 Old Comment=C0402TBD New Comment=22nF
Added Component: Designator=TP8(TP1-27)
Added Pin To Net: NetName=NetC92_2 Pin=C50-2
Added Pin To Net: NetName=NetC92_2 Pin=C51-2
Added Pin To Net: NetName=NetC92_2 Pin=C53-2
Added Pin To Net: NetName=NetC92_2 Pin=C54-2
Added Pin To Net: NetName=NetC92_2 Pin=C55-2
Added Pin To Net: NetName=NetC92_2 Pin=C64-2
Added Pin To Net: NetName=VCC Pin=L6-1
Added Pin To Net: NetName=NetC92_2 Pin=L6-2
Added Pin To Net: NetName=NetC92_2 Pin=R4-2
Added Pin To Net: NetName=NetC92_2 Pin=R8-2
Added Pin To Net: NetName=NetC92_2 Pin=TP8-TP
Added Pin To Net: NetName=NetC92_2 Pin=U5-8
Added Pin To Net: NetName=NetC92_2 Pin=U5-26
Added Pin To Net: NetName=NetC92_2 Pin=U5-30
Added Pin To Net: NetName=Z-MS2 Pin=U6-2
Added Pin To Net: NetName=NetU2_55 Pin=U6-6
Added Pin To Net: NetName=NetU2_37 Pin=U6-7
Added Pin To Net: NetName=NetC92_2 Pin=U6-8
Added Pin To Net: NetName=Z-MS1 Pin=U6-21
Added Pin To Net: NetName=NetU2_73 Pin=U6-22
Added Pin To Net: NetName=Z-REF Pin=U6-23
Added Pin To Net: NetName=NetC92_2 Pin=U6-26
Added Pin To Net: NetName=NetC92_2 Pin=U6-30
Change Net Name : Old Net Name=NetC92_2 New Net Name=VCC-MOT
Added Member To Class: ClassName=Power-SMPS Member=Component C93 0603
Added Member To Class: ClassName=Power-SMPS Member=Component L6 LQM21FN100M70L
Added Member To Class: ClassName=Power-SMPS Member=Component TP8 TestPoint
