Removed Pin From Net: NetName=GND Pin=R12-1
Removed Pin From Net: NetName=GND Pin=R17-1
Removed Pin From Net: NetName=GND Pin=R18-1
Removed Pin From Net: NetName=GND Pin=R22-1
Removed Pin From Net: NetName=VCC Pin=R29-2
Removed Pin From Net: NetName=VCC Pin=R65-2
Removed Pin From Net: NetName=VCC Pin=R66-2
Removed Pin From Net: NetName=VCC Pin=R67-2
Removed Member From Class: ClassName=Motors Member=R12
Removed Member From Class: ClassName=Motors Member=R17
Removed Member From Class: ClassName=Motors Member=R18
Removed Member From Class: ClassName=Motors Member=R22
Removed Member From Class: ClassName=Motors Member=R29
Removed Member From Class: ClassName=Motors Member=R65
Removed Member From Class: ClassName=Motors Member=R66
Removed Member From Class: ClassName=Motors Member=R67
Added Pin To Net: NetName=VCC Pin=C17-1
Added Pin To Net: NetName=VCC Pin=C18-1
Added Pin To Net: NetName=VCC Pin=C23-1
Added Pin To Net: NetName=VCC Pin=C24-1
Added Pin To Net: NetName=VCC Pin=U5-13
Added Pin To Net: NetName=GND Pin=U5-14
Added Pin To Net: NetName=VCC Pin=U5-15
Added Pin To Net: NetName=VCC Pin=U5-16
Added Pin To Net: NetName=VCC Pin=U6-13
Added Pin To Net: NetName=GND Pin=U6-14
Added Pin To Net: NetName=VCC Pin=U6-15
Added Pin To Net: NetName=VCC Pin=U6-16
Added Pin To Net: NetName=VCC Pin=U7-13
Added Pin To Net: NetName=GND Pin=U7-14
Added Pin To Net: NetName=VCC Pin=U7-15
Added Pin To Net: NetName=VCC Pin=U7-16
Added Pin To Net: NetName=VCC Pin=U8-13
Added Pin To Net: NetName=GND Pin=U8-14
Added Pin To Net: NetName=VCC Pin=U8-15
Added Pin To Net: NetName=VCC Pin=U8-16
Added Member To Class: ClassName=Power-SMPS Member=Component R13 0.6r
