Removed Pin From Net: NetName=+12V Pin=C5-1
Removed Pin From Net: NetName=GND Pin=C5-2
Removed Pin From Net: NetName=VCC Pin=C23-1
Removed Pin From Net: NetName=GND Pin=C23-2
Removed Pin From Net: NetName=+12V Pin=C32-1
Removed Pin From Net: NetName=+12V Pin=C34-1
Removed Pin From Net: NetName=GND Pin=C34-2
Removed Pin From Net: NetName=GND Pin=C36-1
Removed Pin From Net: NetName=GND Pin=C50-2
Removed Pin From Net: NetName=GND Pin=C55-2
Removed Pin From Net: NetName=GND Pin=C64-2
Removed Pin From Net: NetName=+12V Pin=C72-1
Removed Pin From Net: NetName=GND Pin=C72-2
Removed Pin From Net: NetName=GND Pin=C75-2
Removed Pin From Net: NetName=GND Pin=R8-2
Removed Pin From Net: NetName=GND Pin=R10-2
Removed Pin From Net: NetName=VCC Pin=R59-1
Removed Pin From Net: NetName=XY-REF Pin=TP6-TP
Removed Pin From Net: NetName=X-MS2 Pin=U5-2
Removed Pin From Net: NetName=NetU2_53 Pin=U5-6
Removed Pin From Net: NetName=NetU2_36 Pin=U5-7
Removed Pin From Net: NetName=X-MS1 Pin=U5-21
Removed Pin From Net: NetName=NetU2_71 Pin=U5-22
Removed Pin From Net: NetName=+12V Pin=U6-3
Removed Pin From Net: NetName=GND Pin=U6-6
Removed Pin From Net: NetName=Y-MS1 Pin=U6-11
Removed Pin From Net: NetName=Y-MS2 Pin=U6-12
Removed Pin From Net: NetName=VCC Pin=U6-13
Removed Pin From Net: NetName=GND Pin=U6-14
Removed Pin From Net: NetName=VCC Pin=U6-15
Removed Pin From Net: NetName=VCC Pin=U6-16
Removed Pin From Net: NetName=XY-REF Pin=U6-18
Removed Pin From Net: NetName=GND Pin=U6-19
Removed Pin From Net: NetName=+12V Pin=U6-22
Removed Pin From Net: NetName=GND Pin=U6-33
Removed Member From Class: ClassName=Motors Member=C5
Removed Member From Class: ClassName=Motors Member=C23
Removed Member From Class: ClassName=Motors Member=C32
Removed Member From Class: ClassName=Motors Member=C33
Removed Member From Class: ClassName=Motors Member=C34
Removed Member From Class: ClassName=Motors Member=C36
Removed Member From Class: ClassName=Motors Member=C50
Removed Member From Class: ClassName=Motors Member=C55
Removed Member From Class: ClassName=Motors Member=C64
Removed Member From Class: ClassName=Motors Member=C72
Removed Member From Class: ClassName=Motors Member=C75
Removed Member From Class: ClassName=Motors Member=R8
Removed Member From Class: ClassName=Motors Member=R10
Removed Member From Class: ClassName=Motors Member=R59
Removed Member From Class: ClassName=Motors Member=TP0
Removed Member From Class: ClassName=Motors Member=TP5
Removed Member From Class: ClassName=Motors Member=TP6
Removed Member From Class: ClassName=Motors Member=TP7
Removed Member From Class: ClassName=Motors Member=TP51
Removed Member From Class: ClassName=Motors Member=TP52
Removed Member From Class: ClassName=Motors Member=TP55
Removed Member From Class: ClassName=Motors Member=TP57
Removed Member From Class: ClassName=Motors Member=U6
Removed Member From Class: ClassName=Motors Member=X4
Added Pin To Net: NetName=Y-MS2 Pin=U5-2
Added Pin To Net: NetName=Y-MS1 Pin=U5-21
Added Pin To Net: NetName=NetU2_35 Pin=U2-35
Added Pin To Net: NetName=NetU2_35 Pin=U5-7
Added Net: Name=NetU2_35
Added Pin To Net: NetName=NetU2_54 Pin=U2-54
Added Pin To Net: NetName=NetU2_54 Pin=U5-6
Added Net: Name=NetU2_54
Added Pin To Net: NetName=NetU2_72 Pin=U2-72
Added Pin To Net: NetName=NetU2_72 Pin=U5-22
Added Net: Name=NetU2_72
