Removed Pin From Net: NetName=GND Pin=LED3-C
Removed Pin From Net: NetName=GND Pin=LED8-C
Removed Pin From Net: NetName=+12V2 Pin=Q2-1
Removed Pin From Net: NetName=+12V2 Pin=Q2-3
Removed Pin From Net: NetName=GND Pin=Q3-2
Removed Pin From Net: NetName=GND Pin=Q4-2
Removed Pin From Net: NetName=NetQ2_2 Pin=R9-1
Removed Pin From Net: NetName=+12V2 Pin=R9-2
Removed Pin From Net: NetName=NetQ2_4 Pin=R16-1
Removed Pin From Net: NetName=+12V2 Pin=R16-2
Removed Pin From Net: NetName=NetQ2_2 Pin=R21-2
Removed Pin From Net: NetName=NetQ2_4 Pin=R48-2
Removed Pin From Net: NetName=GND Pin=R51-1
Removed Pin From Net: NetName=GND Pin=R52-1
Removed Pin From Net: NetName=NetLED3_A Pin=R53-1
Removed Pin From Net: NetName=GND Pin=TP22-TP
Removed Pin From Net: NetName=GND Pin=X6-1
Removed Pin From Net: NetName=GND Pin=X14-1
Change Component Footprint: Designator=Q2 Old Footprint=SOIC8 New Footprint=NCV8402AD-SOIC8
Change Component Comment : Designator=R49 Old Comment=1K New Comment=100K
Change Component Comment : Designator=R50 Old Comment=1K New Comment=100K
Change Component Comment : Designator=R9 Old Comment=100K New Comment=1.8K
Change Component Comment : Designator=R16 Old Comment=100K New Comment=1.8K
Change Component Comment : Designator=R21 Old Comment=470R New Comment=22R
Change Component Comment : Designator=R48 Old Comment=470R New Comment=22R
Change Component Comment : Designator=Q2 Old Comment=SI4909DY New Comment=NCV8402AD
Added Component: Designator=LED5(LED2012120)
Added Component: Designator=TP11(TP1-27)
Added Component: Designator=TP12(TP1-27)
Added Component: Designator=TP13(TP1-27)
Added Component: Designator=X9(1X02)
Added Component: Designator=X15(70543-02)
Added Pin To Net: NetName=GND Pin=Q2-1
Added Pin To Net: NetName=GND Pin=Q2-3
Added Pin To Net: NetName=+12V2 Pin=R9-1
Added Pin To Net: NetName=+12V2 Pin=R16-1
Added Pin To Net: NetName=NetLED3_A Pin=R16-2
Added Pin To Net: NetName=FAN-0 Pin=R21-1
Added Pin To Net: NetName=NetQ2_4 Pin=R21-2
Added Pin To Net: NetName=FAN-1 Pin=R48-1
Added Pin To Net: NetName=NetQ2_2 Pin=R48-2
Added Pin To Net: NetName=GND Pin=R49-2
Added Pin To Net: NetName=GND Pin=R50-2
Added Pin To Net: NetName=+12V2 Pin=TP11-TP
Added Pin To Net: NetName=+12V2 Pin=X9-1
Added Pin To Net: NetName=+12V2 Pin=X15-2
Added Pin To Net: NetName=NetLED3_C Pin=LED3-C
Added Pin To Net: NetName=NetLED3_C Pin=Q2-7
Added Pin To Net: NetName=NetLED3_C Pin=Q2-7
Added Pin To Net: NetName=NetLED3_C Pin=TP12-TP
Added Pin To Net: NetName=NetLED3_C Pin=X9-2
Added Net: Name=NetLED3_C
Added Pin To Net: NetName=NetLED5_A Pin=LED5-A
Added Pin To Net: NetName=NetLED5_A Pin=R9-2
Added Net: Name=NetLED5_A
Added Pin To Net: NetName=NetLED5_C Pin=LED5-C
Added Pin To Net: NetName=NetLED5_C Pin=Q2-5
Added Pin To Net: NetName=NetLED5_C Pin=Q2-5
Added Pin To Net: NetName=NetLED5_C Pin=TP13-TP
Added Pin To Net: NetName=NetLED5_C Pin=X15-1
Added Net: Name=NetLED5_C
